
  Pyronova v2.4.2 [TPC mode, hybrid-inline]
  Listening on http://0.0.0.0:8080
  TPC threads: 64 (CPUs: 64, pinned)
  Routes: 6 sub-interp + 5 GIL + 0 async (1 stream)

Traceback (most recent call last):
Traceback (most recent call last):
Traceback (most recent call last):
Traceback (most recent call last):
  File "/app/app.py", line 140, in upload
    size = req.stream.drain_count()
Traceback (most recent call last):
Traceback (most recent call last):
Traceback (most recent call last):
Traceback (most recent call last):
  File "/app/app.py", line 140, in upload
    size = req.stream.drain_count()
Traceback (most recent call last):
Traceback (most recent call last):
  File "/app/app.py", line 140, in upload
    size = req.stream.drain_count()
OSError: body read: error reading a body from connection
{"timestamp":"2026-06-07T12:31:10.559253Z","level":"ERROR","fields":{"message":"handler raised an exception","error":"OSError: body read: error reading a body from connection"},"target":"pyronova::server"}
  File "/app/app.py", line 140, in upload
    size = req.stream.drain_count()
  File "/app/app.py", line 140, in upload
    size = req.stream.drain_count()
  File "/app/app.py", line 140, in upload
    size = req.stream.drain_count()
  File "/app/app.py", line 140, in upload
    size = req.stream.drain_count()
OSError: body read: error reading a body from connection
{"timestamp":"2026-06-07T12:31:10.560056Z","level":"ERROR","fields":{"message":"handler raised an exception","error":"OSError: body read: error reading a body from connection"},"target":"pyronova::server"}
  File "/app/app.py", line 140, in upload
    size = req.stream.drain_count()
  File "/app/app.py", line 140, in upload
    size = req.stream.drain_count()
Traceback (most recent call last):
OSError: body read: error reading a body from connection
{"timestamp":"2026-06-07T12:31:10.560454Z","level":"ERROR","fields":{"message":"handler raised an exception","error":"OSError: body read: error reading a body from connection"},"target":"pyronova::server"}
OSError: body read: error reading a body from connection
{"timestamp":"2026-06-07T12:31:10.560622Z","level":"ERROR","fields":{"message":"handler raised an exception","error":"OSError: body read: error reading a body from connection"},"target":"pyronova::server"}
OSError: body read: error reading a body from connection
{"timestamp":"2026-06-07T12:31:10.560721Z","level":"ERROR","fields":{"message":"handler raised an exception","error":"OSError: body read: error reading a body from connection"},"target":"pyronova::server"}
Traceback (most recent call last):
Traceback (most recent call last):
OSError: body read: error reading a body from connection
{"timestamp":"2026-06-07T12:31:10.561269Z","level":"ERROR","fields":{"message":"handler raised an exception","error":"OSError: body read: error reading a body from connection"},"target":"pyronova::server"}
OSError: body read: error reading a body from connection
{"timestamp":"2026-06-07T12:31:10.561384Z","level":"ERROR","fields":{"message":"handler raised an exception","error":"OSError: body read: error reading a body from connection"},"target":"pyronova::server"}
Traceback (most recent call last):
  File "/app/app.py", line 140, in upload
    size = req.stream.drain_count()
OSError: body read: error reading a body from connection
{"timestamp":"2026-06-07T12:31:10.561931Z","level":"ERROR","fields":{"message":"handler raised an exception","error":"OSError: body read: error reading a body from connection"},"target":"pyronova::server"}
  File "/app/app.py", line 140, in upload
    size = req.stream.drain_count()
OSError: body read: error reading a body from connection
{"timestamp":"2026-06-07T12:31:10.562080Z","level":"ERROR","fields":{"message":"handler raised an exception","error":"OSError: body read: error reading a body from connection"},"target":"pyronova::server"}
  File "/app/app.py", line 140, in upload
    size = req.stream.drain_count()
  File "/app/app.py", line 140, in upload
    size = req.stream.drain_count()
Traceback (most recent call last):
  File "/app/app.py", line 140, in upload
    size = req.stream.drain_count()
OSError: body read: error reading a body from connection
{"timestamp":"2026-06-07T12:31:10.562464Z","level":"ERROR","fields":{"message":"handler raised an exception","error":"OSError: body read: error reading a body from connection"},"target":"pyronova::server"}
Traceback (most recent call last):
Traceback (most recent call last):
Traceback (most recent call last):
OSError: body read: error reading a body from connection
{"timestamp":"2026-06-07T12:31:10.562901Z","level":"ERROR","fields":{"message":"handler raised an exception","error":"OSError: body read: error reading a body from connection"},"target":"pyronova::server"}
OSError: body read: error reading a body from connection
{"timestamp":"2026-06-07T12:31:10.562962Z","level":"ERROR","fields":{"message":"handler raised an exception","error":"OSError: body read: error reading a body from connection"},"target":"pyronova::server"}
Traceback (most recent call last):
Traceback (most recent call last):
Traceback (most recent call last):
Traceback (most recent call last):
  File "/app/app.py", line 140, in upload
    size = req.stream.drain_count()
  File "/app/app.py", line 140, in upload
    size = req.stream.drain_count()
  File "/app/app.py", line 140, in upload
    size = req.stream.drain_count()
OSError: body read: error reading a body from connection
{"timestamp":"2026-06-07T12:31:10.563583Z","level":"ERROR","fields":{"message":"handler raised an exception","error":"OSError: body read: error reading a body from connection"},"target":"pyronova::server"}
  File "/app/app.py", line 140, in upload
    size = req.stream.drain_count()
  File "/app/app.py", line 140, in upload
    size = req.stream.drain_count()
Traceback (most recent call last):
OSError: body read: error reading a body from connection
{"timestamp":"2026-06-07T12:31:10.563814Z","level":"ERROR","fields":{"message":"handler raised an exception","error":"OSError: body read: error reading a body from connection"},"target":"pyronova::server"}
OSError: body read: error reading a body from connection
{"timestamp":"2026-06-07T12:31:10.563866Z","level":"ERROR","fields":{"message":"handler raised an exception","error":"OSError: body read: error reading a body from connection"},"target":"pyronova::server"}
OSError: body read: error reading a body from connection
{"timestamp":"2026-06-07T12:31:10.563918Z","level":"ERROR","fields":{"message":"handler raised an exception","error":"OSError: body read: error reading a body from connection"},"target":"pyronova::server"}
Traceback (most recent call last):
  File "/app/app.py", line 140, in upload
    size = req.stream.drain_count()
  File "/app/app.py", line 140, in upload
    size = req.stream.drain_count()
  File "/app/app.py", line 140, in upload
    size = req.stream.drain_count()
OSError: body read: error reading a body from connection
{"timestamp":"2026-06-07T12:31:10.564193Z","level":"ERROR","fields":{"message":"handler raised an exception","error":"OSError: body read: error reading a body from connection"},"target":"pyronova::server"}
  File "/app/app.py", line 140, in upload
    size = req.stream.drain_count()
  File "/app/app.py", line 140, in upload
    size = req.stream.drain_count()
OSError: body read: error reading a body from connection
{"timestamp":"2026-06-07T12:31:10.564301Z","level":"ERROR","fields":{"message":"handler raised an exception","error":"OSError: body read: error reading a body from connection"},"target":"pyronova::server"}
OSError: body read: error reading a body from connection
{"timestamp":"2026-06-07T12:31:10.564354Z","level":"ERROR","fields":{"message":"handler raised an exception","error":"OSError: body read: error reading a body from connection"},"target":"pyronova::server"}
OSError: body read: error reading a body from connection
{"timestamp":"2026-06-07T12:31:10.564425Z","level":"ERROR","fields":{"message":"handler raised an exception","error":"OSError: body read: error reading a body from connection"},"target":"pyronova::server"}
OSError: body read: error reading a body from connection
{"timestamp":"2026-06-07T12:31:10.564476Z","level":"ERROR","fields":{"message":"handler raised an exception","error":"OSError: body read: error reading a body from connection"},"target":"pyronova::server"}
OSError: body read: error reading a body from connection
{"timestamp":"2026-06-07T12:31:10.564529Z","level":"ERROR","fields":{"message":"handler raised an exception","error":"OSError: body read: error reading a body from connection"},"target":"pyronova::server"}
OSError: body read: error reading a body from connection
{"timestamp":"2026-06-07T12:31:10.564590Z","level":"ERROR","fields":{"message":"handler raised an exception","error":"OSError: body read: error reading a body from connection"},"target":"pyronova::server"}
OSError: body read: error reading a body from connection
{"timestamp":"2026-06-07T12:31:10.564638Z","level":"ERROR","fields":{"message":"handler raised an exception","error":"OSError: body read: error reading a body from connection"},"target":"pyronova::server"}
Traceback (most recent call last):
Traceback (most recent call last):
Traceback (most recent call last):
Traceback (most recent call last):
Traceback (most recent call last):
Traceback (most recent call last):
Traceback (most recent call last):
Traceback (most recent call last):
Traceback (most recent call last):
Traceback (most recent call last):
Traceback (most recent call last):
  File "/app/app.py", line 140, in upload
    size = req.stream.drain_count()
  File "/app/app.py", line 140, in upload
    size = req.stream.drain_count()
  File "/app/app.py", line 140, in upload
    size = req.stream.drain_count()
  File "/app/app.py", line 140, in upload
    size = req.stream.drain_count()
  File "/app/app.py", line 140, in upload
    size = req.stream.drain_count()
Traceback (most recent call last):
  File "/app/app.py", line 140, in upload
    size = req.stream.drain_count()
  File "/app/app.py", line 140, in upload
    size = req.stream.drain_count()
  File "/app/app.py", line 140, in upload
    size = req.stream.drain_count()
OSError: body read: error reading a body from connection
{"timestamp":"2026-06-07T12:31:17.903546Z","level":"ERROR","fields":{"message":"handler raised an exception","error":"OSError: body read: error reading a body from connection"},"target":"pyronova::server"}
OSError: body read: error reading a body from connection
{"timestamp":"2026-06-07T12:31:17.903625Z","level":"ERROR","fields":{"message":"handler raised an exception","error":"OSError: body read: error reading a body from connection"},"target":"pyronova::server"}
OSError: body read: error reading a body from connection
{"timestamp":"2026-06-07T12:31:17.903690Z","level":"ERROR","fields":{"message":"handler raised an exception","error":"OSError: body read: error reading a body from connection"},"target":"pyronova::server"}
OSError: body read: error reading a body from connection
{"timestamp":"2026-06-07T12:31:17.903781Z","level":"ERROR","fields":{"message":"handler raised an exception","error":"OSError: body read: error reading a body from connection"},"target":"pyronova::server"}
OSError: body read: error reading a body from connection
{"timestamp":"2026-06-07T12:31:17.903900Z","level":"ERROR","fields":{"message":"handler raised an exception","error":"OSError: body read: error reading a body from connection"},"target":"pyronova::server"}
  File "/app/app.py", line 140, in upload
    size = req.stream.drain_count()
OSError: body read: error reading a body from connection
{"timestamp":"2026-06-07T12:31:17.904022Z","level":"ERROR","fields":{"message":"handler raised an exception","error":"OSError: body read: error reading a body from connection"},"target":"pyronova::server"}
OSError: body read: error reading a body from connection
{"timestamp":"2026-06-07T12:31:17.904077Z","level":"ERROR","fields":{"message":"handler raised an exception","error":"OSError: body read: error reading a body from connection"},"target":"pyronova::server"}
OSError: body read: error reading a body from connection
{"timestamp":"2026-06-07T12:31:17.904136Z","level":"ERROR","fields":{"message":"handler raised an exception","error":"OSError: body read: error reading a body from connection"},"target":"pyronova::server"}
  File "/app/app.py", line 140, in upload
    size = req.stream.drain_count()
Traceback (most recent call last):
Traceback (most recent call last):
OSError: body read: error reading a body from connection
{"timestamp":"2026-06-07T12:31:17.904519Z","level":"ERROR","fields":{"message":"handler raised an exception","error":"OSError: body read: error reading a body from connection"},"target":"pyronova::server"}
Traceback (most recent call last):
  File "/app/app.py", line 140, in upload
    size = req.stream.drain_count()
Traceback (most recent call last):
Traceback (most recent call last):
OSError: body read: error reading a body from connection
{"timestamp":"2026-06-07T12:31:17.904940Z","level":"ERROR","fields":{"message":"handler raised an exception","error":"OSError: body read: error reading a body from connection"},"target":"pyronova::server"}
  File "/app/app.py", line 140, in upload
    size = req.stream.drain_count()
OSError: body read: error reading a body from connection
{"timestamp":"2026-06-07T12:31:17.905027Z","level":"ERROR","fields":{"message":"handler raised an exception","error":"OSError: body read: error reading a body from connection"},"target":"pyronova::server"}
  File "/app/app.py", line 140, in upload
    size = req.stream.drain_count()
  File "/app/app.py", line 140, in upload
    size = req.stream.drain_count()
  File "/app/app.py", line 140, in upload
    size = req.stream.drain_count()
  File "/app/app.py", line 140, in upload
    size = req.stream.drain_count()
OSError: body read: error reading a body from connection
{"timestamp":"2026-06-07T12:31:17.905190Z","level":"ERROR","fields":{"message":"handler raised an exception","error":"OSError: body read: error reading a body from connection"},"target":"pyronova::server"}
OSError: body read: error reading a body from connection
{"timestamp":"2026-06-07T12:31:17.905240Z","level":"ERROR","fields":{"message":"handler raised an exception","error":"OSError: body read: error reading a body from connection"},"target":"pyronova::server"}
OSError: body read: error reading a body from connection
{"timestamp":"2026-06-07T12:31:17.905291Z","level":"ERROR","fields":{"message":"handler raised an exception","error":"OSError: body read: error reading a body from connection"},"target":"pyronova::server"}
OSError: body read: error reading a body from connection
{"timestamp":"2026-06-07T12:31:17.905349Z","level":"ERROR","fields":{"message":"handler raised an exception","error":"OSError: body read: error reading a body from connection"},"target":"pyronova::server"}
OSError: body read: error reading a body from connection
{"timestamp":"2026-06-07T12:31:17.905425Z","level":"ERROR","fields":{"message":"handler raised an exception","error":"OSError: body read: error reading a body from connection"},"target":"pyronova::server"}
  File "/app/app.py", line 140, in upload
    size = req.stream.drain_count()
OSError: body read: error reading a body from connection
{"timestamp":"2026-06-07T12:31:17.905484Z","level":"ERROR","fields":{"message":"handler raised an exception","error":"OSError: body read: error reading a body from connection"},"target":"pyronova::server"}
Traceback (most recent call last):
  File "/app/app.py", line 140, in upload
    size = req.stream.drain_count()
OSError: body read: error reading a body from connection
{"timestamp":"2026-06-07T12:31:25.246122Z","level":"ERROR","fields":{"message":"handler raised an exception","error":"OSError: body read: error reading a body from connection"},"target":"pyronova::server"}
Traceback (most recent call last):
  File "/app/app.py", line 140, in upload
    size = req.stream.drain_count()
OSError: body read: error reading a body from connection
{"timestamp":"2026-06-07T12:31:25.246519Z","level":"ERROR","fields":{"message":"handler raised an exception","error":"OSError: body read: error reading a body from connection"},"target":"pyronova::server"}
Traceback (most recent call last):
  File "/app/app.py", line 140, in upload
    size = req.stream.drain_count()
OSError: body read: error reading a body from connection
{"timestamp":"2026-06-07T12:31:25.246947Z","level":"ERROR","fields":{"message":"handler raised an exception","error":"OSError: body read: error reading a body from connection"},"target":"pyronova::server"}
Traceback (most recent call last):
  File "/app/app.py", line 140, in upload
    size = req.stream.drain_count()
OSError: body read: error reading a body from connection
{"timestamp":"2026-06-07T12:31:25.247737Z","level":"ERROR","fields":{"message":"handler raised an exception","error":"OSError: body read: error reading a body from connection"},"target":"pyronova::server"}
Traceback (most recent call last):
Traceback (most recent call last):
Traceback (most recent call last):
Traceback (most recent call last):
Traceback (most recent call last):
Traceback (most recent call last):
  File "/app/app.py", line 140, in upload
    size = req.stream.drain_count()
Traceback (most recent call last):
  File "/app/app.py", line 140, in upload
    size = req.stream.drain_count()
Traceback (most recent call last):
Traceback (most recent call last):
Traceback (most recent call last):
Traceback (most recent call last):
  File "/app/app.py", line 140, in upload
    size = req.stream.drain_count()
  File "/app/app.py", line 140, in upload
    size = req.stream.drain_count()
OSError: body read: error reading a body from connection
{"timestamp":"2026-06-07T12:31:25.250458Z","level":"ERROR","fields":{"message":"handler raised an exception","error":"OSError: body read: error reading a body from connection"},"target":"pyronova::server"}
  File "/app/app.py", line 140, in upload
    size = req.stream.drain_count()
Traceback (most recent call last):
  File "/app/app.py", line 140, in upload
    size = req.stream.drain_count()
  File "/app/app.py", line 140, in upload
    size = req.stream.drain_count()
Traceback (most recent call last):
  File "/app/app.py", line 140, in upload
    size = req.stream.drain_count()
OSError: body read: error reading a body from connection
{"timestamp":"2026-06-07T12:31:25.250998Z","level":"ERROR","fields":{"message":"handler raised an exception","error":"OSError: body read: error reading a body from connection"},"target":"pyronova::server"}
OSError: body read: error reading a body from connection
{"timestamp":"2026-06-07T12:31:25.251093Z","level":"ERROR","fields":{"message":"handler raised an exception","error":"OSError: body read: error reading a body from connection"},"target":"pyronova::server"}
OSError: body read: error reading a body from connection
{"timestamp":"2026-06-07T12:31:25.251160Z","level":"ERROR","fields":{"message":"handler raised an exception","error":"OSError: body read: error reading a body from connection"},"target":"pyronova::server"}
Traceback (most recent call last):
OSError: body read: error reading a body from connection
{"timestamp":"2026-06-07T12:31:25.251454Z","level":"ERROR","fields":{"message":"handler raised an exception","error":"OSError: body read: error reading a body from connection"},"target":"pyronova::server"}
  File "/app/app.py", line 140, in upload
    size = req.stream.drain_count()
Traceback (most recent call last):
Traceback (most recent call last):
  File "/app/app.py", line 140, in upload
    size = req.stream.drain_count()
  File "/app/app.py", line 140, in upload
    size = req.stream.drain_count()
  File "/app/app.py", line 140, in upload
    size = req.stream.drain_count()
OSError: body read: error reading a body from connection
{"timestamp":"2026-06-07T12:31:25.252122Z","level":"ERROR","fields":{"message":"handler raised an exception","error":"OSError: body read: error reading a body from connection"},"target":"pyronova::server"}
Traceback (most recent call last):
  File "/app/app.py", line 140, in upload
    size = req.stream.drain_count()
OSError: body read: error reading a body from connection
{"timestamp":"2026-06-07T12:31:25.252323Z","level":"ERROR","fields":{"message":"handler raised an exception","error":"OSError: body read: error reading a body from connection"},"target":"pyronova::server"}
  File "/app/app.py", line 140, in upload
    size = req.stream.drain_count()
Traceback (most recent call last):
  File "/app/app.py", line 140, in upload
    size = req.stream.drain_count()
Traceback (most recent call last):
OSError: body read: error reading a body from connection
{"timestamp":"2026-06-07T12:31:25.252671Z","level":"ERROR","fields":{"message":"handler raised an exception","error":"OSError: body read: error reading a body from connection"},"target":"pyronova::server"}
  File "/app/app.py", line 140, in upload
    size = req.stream.drain_count()
OSError: body read: error reading a body from connection
{"timestamp":"2026-06-07T12:31:25.252764Z","level":"ERROR","fields":{"message":"handler raised an exception","error":"OSError: body read: error reading a body from connection"},"target":"pyronova::server"}
OSError: body read: error reading a body from connection
{"timestamp":"2026-06-07T12:31:25.252822Z","level":"ERROR","fields":{"message":"handler raised an exception","error":"OSError: body read: error reading a body from connection"},"target":"pyronova::server"}
  File "/app/app.py", line 140, in upload
    size = req.stream.drain_count()
OSError: body read: error reading a body from connection
{"timestamp":"2026-06-07T12:31:25.252904Z","level":"ERROR","fields":{"message":"handler raised an exception","error":"OSError: body read: error reading a body from connection"},"target":"pyronova::server"}
  File "/app/app.py", line 140, in upload
    size = req.stream.drain_count()
Traceback (most recent call last):
OSError: body read: error reading a body from connection
{"timestamp":"2026-06-07T12:31:25.253098Z","level":"ERROR","fields":{"message":"handler raised an exception","error":"OSError: body read: error reading a body from connection"},"target":"pyronova::server"}
OSError: body read: error reading a body from connection
{"timestamp":"2026-06-07T12:31:25.253148Z","level":"ERROR","fields":{"message":"handler raised an exception","error":"OSError: body read: error reading a body from connection"},"target":"pyronova::server"}
OSError: body read: error reading a body from connection
{"timestamp":"2026-06-07T12:31:25.253208Z","level":"ERROR","fields":{"message":"handler raised an exception","error":"OSError: body read: error reading a body from connection"},"target":"pyronova::server"}
OSError: body read: error reading a body from connection
{"timestamp":"2026-06-07T12:31:25.253264Z","level":"ERROR","fields":{"message":"handler raised an exception","error":"OSError: body read: error reading a body from connection"},"target":"pyronova::server"}
  File "/app/app.py", line 140, in upload
    size = req.stream.drain_count()
  File "/app/app.py", line 140, in upload
    size = req.stream.drain_count()
OSError: body read: error reading a body from connection
{"timestamp":"2026-06-07T12:31:25.253369Z","level":"ERROR","fields":{"message":"handler raised an exception","error":"OSError: body read: error reading a body from connection"},"target":"pyronova::server"}
OSError: body read: error reading a body from connection
{"timestamp":"2026-06-07T12:31:25.253481Z","level":"ERROR","fields":{"message":"handler raised an exception","error":"OSError: body read: error reading a body from connection"},"target":"pyronova::server"}
OSError: body read: error reading a body from connection
{"timestamp":"2026-06-07T12:31:25.253533Z","level":"ERROR","fields":{"message":"handler raised an exception","error":"OSError: body read: error reading a body from connection"},"target":"pyronova::server"}
OSError: body read: error reading a body from connection
{"timestamp":"2026-06-07T12:31:25.253585Z","level":"ERROR","fields":{"message":"handler raised an exception","error":"OSError: body read: error reading a body from connection"},"target":"pyronova::server"}
OSError: body read: error reading a body from connection
{"timestamp":"2026-06-07T12:31:25.253636Z","level":"ERROR","fields":{"message":"handler raised an exception","error":"OSError: body read: error reading a body from connection"},"target":"pyronova::server"}
