Exec: /app/erts-17.0.1/bin/erlexec -noinput +Bd -boot /app/releases/0.1.0/start -mode embedded -boot_var SYSTEM_LIB_DIR /app/lib -config /app/releases/0.1.0/sys.config -args_file /app/releases/0.1.0/vm.args -- foreground
Root: /app
/app
=ESOCK WARNING MSG==== 02-Jun-2026::23:57:47.411103 ===
[UNIX-ESSIO] Failed open sctp dynamic library: libsctp.so.1
=ERROR REPORT==== 2-Jun-2026::23:57:53.374585 ===
    reason: {case_clause,{error,closed}}
    msg: roadrunner handler crashed
    handler: roadrunner_httparena_handler
    stacktrace: [{roadrunner_httparena_handler,consume_body,2,
                     [{file,"/src/src/roadrunner_httparena_handler.erl"},
                      {line,75}]},
                 {roadrunner_httparena_handler,upload_endpoint,1,
                     [{file,"/src/src/roadrunner_httparena_handler.erl"},
                      {line,65}]},
                 {roadrunner_compress,call,2,
                     [{file,
                          "/src/_build/default/lib/roadrunner/src/roadrunner_compress.erl"},
                      {line,76}]},
                 {roadrunner_conn_loop,run_pipeline,4,
                     [{file,
                          "/src/_build/default/lib/roadrunner/src/roadrunner_conn_loop.erl"},
                      {line,619}]},
                 {proc_lib,init_p_do_apply,3,
                     [{file,"proc_lib.erl"},{line,333}]}]
    class: error
=ERROR REPORT==== 2-Jun-2026::23:57:53.374625 ===
    reason: {case_clause,{error,closed}}
    msg: roadrunner handler crashed
    handler: roadrunner_httparena_handler
    stacktrace: [{roadrunner_httparena_handler,consume_body,2,
                     [{file,"/src/src/roadrunner_httparena_handler.erl"},
                      {line,75}]},
                 {roadrunner_httparena_handler,upload_endpoint,1,
                     [{file,"/src/src/roadrunner_httparena_handler.erl"},
                      {line,65}]},
                 {roadrunner_compress,call,2,
                     [{file,
                          "/src/_build/default/lib/roadrunner/src/roadrunner_compress.erl"},
                      {line,76}]},
                 {roadrunner_conn_loop,run_pipeline,4,
                     [{file,
                          "/src/_build/default/lib/roadrunner/src/roadrunner_conn_loop.erl"},
                      {line,619}]},
                 {proc_lib,init_p_do_apply,3,
                     [{file,"proc_lib.erl"},{line,333}]}]
    class: error
=ERROR REPORT==== 2-Jun-2026::23:57:53.374569 ===
    reason: {case_clause,{error,closed}}
    msg: roadrunner handler crashed
    handler: roadrunner_httparena_handler
    stacktrace: [{roadrunner_httparena_handler,consume_body,2,
                     [{file,"/src/src/roadrunner_httparena_handler.erl"},
                      {line,75}]},
                 {roadrunner_httparena_handler,upload_endpoint,1,
                     [{file,"/src/src/roadrunner_httparena_handler.erl"},
                      {line,65}]},
                 {roadrunner_compress,call,2,
                     [{file,
                          "/src/_build/default/lib/roadrunner/src/roadrunner_compress.erl"},
                      {line,76}]},
                 {roadrunner_conn_loop,run_pipeline,4,
                     [{file,
                          "/src/_build/default/lib/roadrunner/src/roadrunner_conn_loop.erl"},
                      {line,619}]},
                 {proc_lib,init_p_do_apply,3,
                     [{file,"proc_lib.erl"},{line,333}]}]
    class: error
=ERROR REPORT==== 2-Jun-2026::23:57:53.374623 ===
    reason: {case_clause,{error,closed}}
    msg: roadrunner handler crashed
    handler: roadrunner_httparena_handler
    stacktrace: [{roadrunner_httparena_handler,consume_body,2,
                     [{file,"/src/src/roadrunner_httparena_handler.erl"},
                      {line,75}]},
                 {roadrunner_httparena_handler,upload_endpoint,1,
                     [{file,"/src/src/roadrunner_httparena_handler.erl"},
                      {line,65}]},
                 {roadrunner_compress,call,2,
                     [{file,
                          "/src/_build/default/lib/roadrunner/src/roadrunner_compress.erl"},
                      {line,76}]},
                 {roadrunner_conn_loop,run_pipeline,4,
                     [{file,
                          "/src/_build/default/lib/roadrunner/src/roadrunner_conn_loop.erl"},
                      {line,619}]},
                 {proc_lib,init_p_do_apply,3,
                     [{file,"proc_lib.erl"},{line,333}]}]
    class: error
=ERROR REPORT==== 2-Jun-2026::23:57:53.374669 ===
    reason: {case_clause,{error,closed}}
    msg: roadrunner handler crashed
    handler: roadrunner_httparena_handler
    stacktrace: [{roadrunner_httparena_handler,consume_body,2,
                     [{file,"/src/src/roadrunner_httparena_handler.erl"},
                      {line,75}]},
                 {roadrunner_httparena_handler,upload_endpoint,1,
                     [{file,"/src/src/roadrunner_httparena_handler.erl"},
                      {line,65}]},
                 {roadrunner_compress,call,2,
                     [{file,
                          "/src/_build/default/lib/roadrunner/src/roadrunner_compress.erl"},
                      {line,76}]},
                 {roadrunner_conn_loop,run_pipeline,4,
                     [{file,
                          "/src/_build/default/lib/roadrunner/src/roadrunner_conn_loop.erl"},
                      {line,619}]},
                 {proc_lib,init_p_do_apply,3,
                     [{file,"proc_lib.erl"},{line,333}]}]
    class: error
=ERROR REPORT==== 2-Jun-2026::23:57:53.374598 ===
    reason: {case_clause,{error,closed}}
    msg: roadrunner handler crashed
    handler: roadrunner_httparena_handler
    stacktrace: [{roadrunner_httparena_handler,consume_body,2,
                     [{file,"/src/src/roadrunner_httparena_handler.erl"},
                      {line,75}]},
                 {roadrunner_httparena_handler,upload_endpoint,1,
                     [{file,"/src/src/roadrunner_httparena_handler.erl"},
                      {line,65}]},
                 {roadrunner_compress,call,2,
                     [{file,
                          "/src/_build/default/lib/roadrunner/src/roadrunner_compress.erl"},
                      {line,76}]},
                 {roadrunner_conn_loop,run_pipeline,4,
                     [{file,
                          "/src/_build/default/lib/roadrunner/src/roadrunner_conn_loop.erl"},
                      {line,619}]},
                 {proc_lib,init_p_do_apply,3,
                     [{file,"proc_lib.erl"},{line,333}]}]
    class: error
=ERROR REPORT==== 2-Jun-2026::23:57:53.374699 ===
    reason: {case_clause,{error,closed}}
    msg: roadrunner handler crashed
    handler: roadrunner_httparena_handler
    stacktrace: [{roadrunner_httparena_handler,consume_body,2,
                     [{file,"/src/src/roadrunner_httparena_handler.erl"},
                      {line,75}]},
                 {roadrunner_httparena_handler,upload_endpoint,1,
                     [{file,"/src/src/roadrunner_httparena_handler.erl"},
                      {line,65}]},
                 {roadrunner_compress,call,2,
                     [{file,
                          "/src/_build/default/lib/roadrunner/src/roadrunner_compress.erl"},
                      {line,76}]},
                 {roadrunner_conn_loop,run_pipeline,4,
                     [{file,
                          "/src/_build/default/lib/roadrunner/src/roadrunner_conn_loop.erl"},
                      {line,619}]},
                 {proc_lib,init_p_do_apply,3,
                     [{file,"proc_lib.erl"},{line,333}]}]
    class: error
=ERROR REPORT==== 2-Jun-2026::23:57:53.374664 ===
    reason: {case_clause,{error,closed}}
    msg: roadrunner handler crashed
    handler: roadrunner_httparena_handler
    stacktrace: [{roadrunner_httparena_handler,consume_body,2,
                     [{file,"/src/src/roadrunner_httparena_handler.erl"},
                      {line,75}]},
                 {roadrunner_httparena_handler,upload_endpoint,1,
                     [{file,"/src/src/roadrunner_httparena_handler.erl"},
                      {line,65}]},
                 {roadrunner_compress,call,2,
                     [{file,
                          "/src/_build/default/lib/roadrunner/src/roadrunner_compress.erl"},
                      {line,76}]},
                 {roadrunner_conn_loop,run_pipeline,4,
                     [{file,
                          "/src/_build/default/lib/roadrunner/src/roadrunner_conn_loop.erl"},
                      {line,619}]},
                 {proc_lib,init_p_do_apply,3,
                     [{file,"proc_lib.erl"},{line,333}]}]
    class: error
=ERROR REPORT==== 2-Jun-2026::23:57:53.374606 ===
    reason: {case_clause,{error,closed}}
    msg: roadrunner handler crashed
    handler: roadrunner_httparena_handler
    stacktrace: [{roadrunner_httparena_handler,consume_body,2,
                     [{file,"/src/src/roadrunner_httparena_handler.erl"},
                      {line,75}]},
                 {roadrunner_httparena_handler,upload_endpoint,1,
                     [{file,"/src/src/roadrunner_httparena_handler.erl"},
                      {line,65}]},
                 {roadrunner_compress,call,2,
                     [{file,
                          "/src/_build/default/lib/roadrunner/src/roadrunner_compress.erl"},
                      {line,76}]},
                 {roadrunner_conn_loop,run_pipeline,4,
                     [{file,
                          "/src/_build/default/lib/roadrunner/src/roadrunner_conn_loop.erl"},
                      {line,619}]},
                 {proc_lib,init_p_do_apply,3,
                     [{file,"proc_lib.erl"},{line,333}]}]
    class: error
=ERROR REPORT==== 2-Jun-2026::23:57:53.374710 ===
    reason: {case_clause,{error,closed}}
    msg: roadrunner handler crashed
    handler: roadrunner_httparena_handler
    stacktrace: [{roadrunner_httparena_handler,consume_body,2,
                     [{file,"/src/src/roadrunner_httparena_handler.erl"},
                      {line,75}]},
                 {roadrunner_httparena_handler,upload_endpoint,1,
                     [{file,"/src/src/roadrunner_httparena_handler.erl"},
                      {line,65}]},
                 {roadrunner_compress,call,2,
                     [{file,
                          "/src/_build/default/lib/roadrunner/src/roadrunner_compress.erl"},
                      {line,76}]},
                 {roadrunner_conn_loop,run_pipeline,4,
                     [{file,
                          "/src/_build/default/lib/roadrunner/src/roadrunner_conn_loop.erl"},
                      {line,619}]},
                 {proc_lib,init_p_do_apply,3,
                     [{file,"proc_lib.erl"},{line,333}]}]
    class: error
=ERROR REPORT==== 2-Jun-2026::23:57:53.374708 ===
    reason: {case_clause,{error,closed}}
    msg: roadrunner handler crashed
    handler: roadrunner_httparena_handler
    stacktrace: [{roadrunner_httparena_handler,consume_body,2,
                     [{file,"/src/src/roadrunner_httparena_handler.erl"},
                      {line,75}]},
                 {roadrunner_httparena_handler,upload_endpoint,1,
                     [{file,"/src/src/roadrunner_httparena_handler.erl"},
                      {line,65}]},
                 {roadrunner_compress,call,2,
                     [{file,
                          "/src/_build/default/lib/roadrunner/src/roadrunner_compress.erl"},
                      {line,76}]},
                 {roadrunner_conn_loop,run_pipeline,4,
                     [{file,
                          "/src/_build/default/lib/roadrunner/src/roadrunner_conn_loop.erl"},
                      {line,619}]},
                 {proc_lib,init_p_do_apply,3,
                     [{file,"proc_lib.erl"},{line,333}]}]
    class: error
=ERROR REPORT==== 2-Jun-2026::23:57:53.374717 ===
    reason: {case_clause,{error,closed}}
    msg: roadrunner handler crashed
    handler: roadrunner_httparena_handler
    stacktrace: [{roadrunner_httparena_handler,consume_body,2,
                     [{file,"/src/src/roadrunner_httparena_handler.erl"},
                      {line,75}]},
                 {roadrunner_httparena_handler,upload_endpoint,1,
                     [{file,"/src/src/roadrunner_httparena_handler.erl"},
                      {line,65}]},
                 {roadrunner_compress,call,2,
                     [{file,
                          "/src/_build/default/lib/roadrunner/src/roadrunner_compress.erl"},
                      {line,76}]},
                 {roadrunner_conn_loop,run_pipeline,4,
                     [{file,
                          "/src/_build/default/lib/roadrunner/src/roadrunner_conn_loop.erl"},
                      {line,619}]},
                 {proc_lib,init_p_do_apply,3,
                     [{file,"proc_lib.erl"},{line,333}]}]
    class: error
=ERROR REPORT==== 2-Jun-2026::23:57:53.374758 ===
    reason: {case_clause,{error,closed}}
    msg: roadrunner handler crashed
    handler: roadrunner_httparena_handler
    stacktrace: [{roadrunner_httparena_handler,consume_body,2,
                     [{file,"/src/src/roadrunner_httparena_handler.erl"},
                      {line,75}]},
                 {roadrunner_httparena_handler,upload_endpoint,1,
                     [{file,"/src/src/roadrunner_httparena_handler.erl"},
                      {line,65}]},
                 {roadrunner_compress,call,2,
                     [{file,
                          "/src/_build/default/lib/roadrunner/src/roadrunner_compress.erl"},
                      {line,76}]},
                 {roadrunner_conn_loop,run_pipeline,4,
                     [{file,
                          "/src/_build/default/lib/roadrunner/src/roadrunner_conn_loop.erl"},
                      {line,619}]},
                 {proc_lib,init_p_do_apply,3,
                     [{file,"proc_lib.erl"},{line,333}]}]
    class: error
=ERROR REPORT==== 2-Jun-2026::23:57:53.374708 ===
    reason: {case_clause,{error,closed}}
    msg: roadrunner handler crashed
    handler: roadrunner_httparena_handler
    stacktrace: [{roadrunner_httparena_handler,consume_body,2,
                     [{file,"/src/src/roadrunner_httparena_handler.erl"},
                      {line,75}]},
                 {roadrunner_httparena_handler,upload_endpoint,1,
                     [{file,"/src/src/roadrunner_httparena_handler.erl"},
                      {line,65}]},
                 {roadrunner_compress,call,2,
                     [{file,
                          "/src/_build/default/lib/roadrunner/src/roadrunner_compress.erl"},
                      {line,76}]},
                 {roadrunner_conn_loop,run_pipeline,4,
                     [{file,
                          "/src/_build/default/lib/roadrunner/src/roadrunner_conn_loop.erl"},
                      {line,619}]},
                 {proc_lib,init_p_do_apply,3,
                     [{file,"proc_lib.erl"},{line,333}]}]
    class: error
=ERROR REPORT==== 2-Jun-2026::23:57:53.374754 ===
    reason: {case_clause,{error,closed}}
    msg: roadrunner handler crashed
    handler: roadrunner_httparena_handler
    stacktrace: [{roadrunner_httparena_handler,consume_body,2,
                     [{file,"/src/src/roadrunner_httparena_handler.erl"},
                      {line,75}]},
                 {roadrunner_httparena_handler,upload_endpoint,1,
                     [{file,"/src/src/roadrunner_httparena_handler.erl"},
                      {line,65}]},
                 {roadrunner_compress,call,2,
                     [{file,
                          "/src/_build/default/lib/roadrunner/src/roadrunner_compress.erl"},
                      {line,76}]},
                 {roadrunner_conn_loop,run_pipeline,4,
                     [{file,
                          "/src/_build/default/lib/roadrunner/src/roadrunner_conn_loop.erl"},
                      {line,619}]},
                 {proc_lib,init_p_do_apply,3,
                     [{file,"proc_lib.erl"},{line,333}]}]
    class: error
=ERROR REPORT==== 2-Jun-2026::23:57:53.374762 ===
    reason: {case_clause,{error,closed}}
    msg: roadrunner handler crashed
    handler: roadrunner_httparena_handler
    stacktrace: [{roadrunner_httparena_handler,consume_body,2,
                     [{file,"/src/src/roadrunner_httparena_handler.erl"},
                      {line,75}]},
                 {roadrunner_httparena_handler,upload_endpoint,1,
                     [{file,"/src/src/roadrunner_httparena_handler.erl"},
                      {line,65}]},
                 {roadrunner_compress,call,2,
                     [{file,
                          "/src/_build/default/lib/roadrunner/src/roadrunner_compress.erl"},
                      {line,76}]},
                 {roadrunner_conn_loop,run_pipeline,4,
                     [{file,
                          "/src/_build/default/lib/roadrunner/src/roadrunner_conn_loop.erl"},
                      {line,619}]},
                 {proc_lib,init_p_do_apply,3,
                     [{file,"proc_lib.erl"},{line,333}]}]
    class: error
=ERROR REPORT==== 2-Jun-2026::23:57:53.374850 ===
    reason: {case_clause,{error,closed}}
    msg: roadrunner handler crashed
    handler: roadrunner_httparena_handler
    stacktrace: [{roadrunner_httparena_handler,consume_body,2,
                     [{file,"/src/src/roadrunner_httparena_handler.erl"},
                      {line,75}]},
                 {roadrunner_httparena_handler,upload_endpoint,1,
                     [{file,"/src/src/roadrunner_httparena_handler.erl"},
                      {line,65}]},
                 {roadrunner_compress,call,2,
                     [{file,
                          "/src/_build/default/lib/roadrunner/src/roadrunner_compress.erl"},
                      {line,76}]},
                 {roadrunner_conn_loop,run_pipeline,4,
                     [{file,
                          "/src/_build/default/lib/roadrunner/src/roadrunner_conn_loop.erl"},
                      {line,619}]},
                 {proc_lib,init_p_do_apply,3,
                     [{file,"proc_lib.erl"},{line,333}]}]
    class: error
=ERROR REPORT==== 2-Jun-2026::23:57:53.374862 ===
    reason: {case_clause,{error,closed}}
    msg: roadrunner handler crashed
    handler: roadrunner_httparena_handler
    stacktrace: [{roadrunner_httparena_handler,consume_body,2,
                     [{file,"/src/src/roadrunner_httparena_handler.erl"},
                      {line,75}]},
                 {roadrunner_httparena_handler,upload_endpoint,1,
                     [{file,"/src/src/roadrunner_httparena_handler.erl"},
                      {line,65}]},
                 {roadrunner_compress,call,2,
                     [{file,
                          "/src/_build/default/lib/roadrunner/src/roadrunner_compress.erl"},
                      {line,76}]},
                 {roadrunner_conn_loop,run_pipeline,4,
                     [{file,
                          "/src/_build/default/lib/roadrunner/src/roadrunner_conn_loop.erl"},
                      {line,619}]},
                 {proc_lib,init_p_do_apply,3,
                     [{file,"proc_lib.erl"},{line,333}]}]
    class: error
=ERROR REPORT==== 2-Jun-2026::23:57:53.374855 ===
    reason: {case_clause,{error,closed}}
    msg: roadrunner handler crashed
    handler: roadrunner_httparena_handler
    stacktrace: [{roadrunner_httparena_handler,consume_body,2,
                     [{file,"/src/src/roadrunner_httparena_handler.erl"},
                      {line,75}]},
                 {roadrunner_httparena_handler,upload_endpoint,1,
                     [{file,"/src/src/roadrunner_httparena_handler.erl"},
                      {line,65}]},
                 {roadrunner_compress,call,2,
                     [{file,
                          "/src/_build/default/lib/roadrunner/src/roadrunner_compress.erl"},
                      {line,76}]},
                 {roadrunner_conn_loop,run_pipeline,4,
                     [{file,
                          "/src/_build/default/lib/roadrunner/src/roadrunner_conn_loop.erl"},
                      {line,619}]},
                 {proc_lib,init_p_do_apply,3,
                     [{file,"proc_lib.erl"},{line,333}]}]
    class: error
=ERROR REPORT==== 2-Jun-2026::23:57:53.374864 ===
    reason: {case_clause,{error,closed}}
    msg: roadrunner handler crashed
    handler: roadrunner_httparena_handler
    stacktrace: [{roadrunner_httparena_handler,consume_body,2,
                     [{file,"/src/src/roadrunner_httparena_handler.erl"},
                      {line,75}]},
                 {roadrunner_httparena_handler,upload_endpoint,1,
                     [{file,"/src/src/roadrunner_httparena_handler.erl"},
                      {line,65}]},
                 {roadrunner_compress,call,2,
                     [{file,
                          "/src/_build/default/lib/roadrunner/src/roadrunner_compress.erl"},
                      {line,76}]},
                 {roadrunner_conn_loop,run_pipeline,4,
                     [{file,
                          "/src/_build/default/lib/roadrunner/src/roadrunner_conn_loop.erl"},
                      {line,619}]},
                 {proc_lib,init_p_do_apply,3,
                     [{file,"proc_lib.erl"},{line,333}]}]
    class: error
=ERROR REPORT==== 2-Jun-2026::23:57:53.374839 ===
    reason: {case_clause,{error,closed}}
    msg: roadrunner handler crashed
    handler: roadrunner_httparena_handler
    stacktrace: [{roadrunner_httparena_handler,consume_body,2,
                     [{file,"/src/src/roadrunner_httparena_handler.erl"},
                      {line,75}]},
                 {roadrunner_httparena_handler,upload_endpoint,1,
                     [{file,"/src/src/roadrunner_httparena_handler.erl"},
                      {line,65}]},
                 {roadrunner_compress,call,2,
                     [{file,
                          "/src/_build/default/lib/roadrunner/src/roadrunner_compress.erl"},
                      {line,76}]},
                 {roadrunner_conn_loop,run_pipeline,4,
                     [{file,
                          "/src/_build/default/lib/roadrunner/src/roadrunner_conn_loop.erl"},
                      {line,619}]},
                 {proc_lib,init_p_do_apply,3,
                     [{file,"proc_lib.erl"},{line,333}]}]
    class: error
=ERROR REPORT==== 2-Jun-2026::23:57:53.374916 ===
    reason: {case_clause,{error,closed}}
    msg: roadrunner handler crashed
    handler: roadrunner_httparena_handler
    stacktrace: [{roadrunner_httparena_handler,consume_body,2,
                     [{file,"/src/src/roadrunner_httparena_handler.erl"},
                      {line,75}]},
                 {roadrunner_httparena_handler,upload_endpoint,1,
                     [{file,"/src/src/roadrunner_httparena_handler.erl"},
                      {line,65}]},
                 {roadrunner_compress,call,2,
                     [{file,
                          "/src/_build/default/lib/roadrunner/src/roadrunner_compress.erl"},
                      {line,76}]},
                 {roadrunner_conn_loop,run_pipeline,4,
                     [{file,
                          "/src/_build/default/lib/roadrunner/src/roadrunner_conn_loop.erl"},
                      {line,619}]},
                 {proc_lib,init_p_do_apply,3,
                     [{file,"proc_lib.erl"},{line,333}]}]
    class: error
=ERROR REPORT==== 2-Jun-2026::23:57:53.374863 ===
    reason: {case_clause,{error,closed}}
    msg: roadrunner handler crashed
    handler: roadrunner_httparena_handler
    stacktrace: [{roadrunner_httparena_handler,consume_body,2,
                     [{file,"/src/src/roadrunner_httparena_handler.erl"},
                      {line,75}]},
                 {roadrunner_httparena_handler,upload_endpoint,1,
                     [{file,"/src/src/roadrunner_httparena_handler.erl"},
                      {line,65}]},
                 {roadrunner_compress,call,2,
                     [{file,
                          "/src/_build/default/lib/roadrunner/src/roadrunner_compress.erl"},
                      {line,76}]},
                 {roadrunner_conn_loop,run_pipeline,4,
                     [{file,
                          "/src/_build/default/lib/roadrunner/src/roadrunner_conn_loop.erl"},
                      {line,619}]},
                 {proc_lib,init_p_do_apply,3,
                     [{file,"proc_lib.erl"},{line,333}]}]
    class: error
=ERROR REPORT==== 2-Jun-2026::23:57:53.374894 ===
    reason: {case_clause,{error,closed}}
    msg: roadrunner handler crashed
    handler: roadrunner_httparena_handler
    stacktrace: [{roadrunner_httparena_handler,consume_body,2,
                     [{file,"/src/src/roadrunner_httparena_handler.erl"},
                      {line,75}]},
                 {roadrunner_httparena_handler,upload_endpoint,1,
                     [{file,"/src/src/roadrunner_httparena_handler.erl"},
                      {line,65}]},
                 {roadrunner_compress,call,2,
                     [{file,
                          "/src/_build/default/lib/roadrunner/src/roadrunner_compress.erl"},
                      {line,76}]},
                 {roadrunner_conn_loop,run_pipeline,4,
                     [{file,
                          "/src/_build/default/lib/roadrunner/src/roadrunner_conn_loop.erl"},
                      {line,619}]},
                 {proc_lib,init_p_do_apply,3,
                     [{file,"proc_lib.erl"},{line,333}]}]
    class: error
=ERROR REPORT==== 2-Jun-2026::23:57:53.374914 ===
    reason: {case_clause,{error,closed}}
    msg: roadrunner handler crashed
    handler: roadrunner_httparena_handler
    stacktrace: [{roadrunner_httparena_handler,consume_body,2,
                     [{file,"/src/src/roadrunner_httparena_handler.erl"},
                      {line,75}]},
                 {roadrunner_httparena_handler,upload_endpoint,1,
                     [{file,"/src/src/roadrunner_httparena_handler.erl"},
                      {line,65}]},
                 {roadrunner_compress,call,2,
                     [{file,
                          "/src/_build/default/lib/roadrunner/src/roadrunner_compress.erl"},
                      {line,76}]},
                 {roadrunner_conn_loop,run_pipeline,4,
                     [{file,
                          "/src/_build/default/lib/roadrunner/src/roadrunner_conn_loop.erl"},
                      {line,619}]},
                 {proc_lib,init_p_do_apply,3,
                     [{file,"proc_lib.erl"},{line,333}]}]
    class: error
=ERROR REPORT==== 2-Jun-2026::23:57:53.374899 ===
    reason: {case_clause,{error,closed}}
    msg: roadrunner handler crashed
    handler: roadrunner_httparena_handler
    stacktrace: [{roadrunner_httparena_handler,consume_body,2,
                     [{file,"/src/src/roadrunner_httparena_handler.erl"},
                      {line,75}]},
                 {roadrunner_httparena_handler,upload_endpoint,1,
                     [{file,"/src/src/roadrunner_httparena_handler.erl"},
                      {line,65}]},
                 {roadrunner_compress,call,2,
                     [{file,
                          "/src/_build/default/lib/roadrunner/src/roadrunner_compress.erl"},
                      {line,76}]},
                 {roadrunner_conn_loop,run_pipeline,4,
                     [{file,
                          "/src/_build/default/lib/roadrunner/src/roadrunner_conn_loop.erl"},
                      {line,619}]},
                 {proc_lib,init_p_do_apply,3,
                     [{file,"proc_lib.erl"},{line,333}]}]
    class: error
=ERROR REPORT==== 2-Jun-2026::23:58:00.729501 ===
    reason: {case_clause,{error,closed}}
    msg: roadrunner handler crashed
    handler: roadrunner_httparena_handler
    stacktrace: [{roadrunner_httparena_handler,consume_body,2,
                     [{file,"/src/src/roadrunner_httparena_handler.erl"},
                      {line,75}]},
                 {roadrunner_httparena_handler,upload_endpoint,1,
                     [{file,"/src/src/roadrunner_httparena_handler.erl"},
                      {line,65}]},
                 {roadrunner_compress,call,2,
                     [{file,
                          "/src/_build/default/lib/roadrunner/src/roadrunner_compress.erl"},
                      {line,76}]},
                 {roadrunner_conn_loop,run_pipeline,4,
                     [{file,
                          "/src/_build/default/lib/roadrunner/src/roadrunner_conn_loop.erl"},
                      {line,619}]},
                 {proc_lib,init_p_do_apply,3,
                     [{file,"proc_lib.erl"},{line,333}]}]
    class: error
=ERROR REPORT==== 2-Jun-2026::23:58:00.729501 ===
    reason: {case_clause,{error,closed}}
    msg: roadrunner handler crashed
    handler: roadrunner_httparena_handler
    stacktrace: [{roadrunner_httparena_handler,consume_body,2,
                     [{file,"/src/src/roadrunner_httparena_handler.erl"},
                      {line,75}]},
                 {roadrunner_httparena_handler,upload_endpoint,1,
                     [{file,"/src/src/roadrunner_httparena_handler.erl"},
                      {line,65}]},
                 {roadrunner_compress,call,2,
                     [{file,
                          "/src/_build/default/lib/roadrunner/src/roadrunner_compress.erl"},
                      {line,76}]},
                 {roadrunner_conn_loop,run_pipeline,4,
                     [{file,
                          "/src/_build/default/lib/roadrunner/src/roadrunner_conn_loop.erl"},
                      {line,619}]},
                 {proc_lib,init_p_do_apply,3,
                     [{file,"proc_lib.erl"},{line,333}]}]
    class: error
=ERROR REPORT==== 2-Jun-2026::23:58:00.729553 ===
    reason: {case_clause,{error,closed}}
    msg: roadrunner handler crashed
    handler: roadrunner_httparena_handler
    stacktrace: [{roadrunner_httparena_handler,consume_body,2,
                     [{file,"/src/src/roadrunner_httparena_handler.erl"},
                      {line,75}]},
                 {roadrunner_httparena_handler,upload_endpoint,1,
                     [{file,"/src/src/roadrunner_httparena_handler.erl"},
                      {line,65}]},
                 {roadrunner_compress,call,2,
                     [{file,
                          "/src/_build/default/lib/roadrunner/src/roadrunner_compress.erl"},
                      {line,76}]},
                 {roadrunner_conn_loop,run_pipeline,4,
                     [{file,
                          "/src/_build/default/lib/roadrunner/src/roadrunner_conn_loop.erl"},
                      {line,619}]},
                 {proc_lib,init_p_do_apply,3,
                     [{file,"proc_lib.erl"},{line,333}]}]
    class: error
=ERROR REPORT==== 2-Jun-2026::23:58:00.729602 ===
    reason: {case_clause,{error,closed}}
    msg: roadrunner handler crashed
    handler: roadrunner_httparena_handler
    stacktrace: [{roadrunner_httparena_handler,consume_body,2,
                     [{file,"/src/src/roadrunner_httparena_handler.erl"},
                      {line,75}]},
                 {roadrunner_httparena_handler,upload_endpoint,1,
                     [{file,"/src/src/roadrunner_httparena_handler.erl"},
                      {line,65}]},
                 {roadrunner_compress,call,2,
                     [{file,
                          "/src/_build/default/lib/roadrunner/src/roadrunner_compress.erl"},
                      {line,76}]},
                 {roadrunner_conn_loop,run_pipeline,4,
                     [{file,
                          "/src/_build/default/lib/roadrunner/src/roadrunner_conn_loop.erl"},
                      {line,619}]},
                 {proc_lib,init_p_do_apply,3,
                     [{file,"proc_lib.erl"},{line,333}]}]
    class: error
=ERROR REPORT==== 2-Jun-2026::23:58:00.729527 ===
    reason: {case_clause,{error,closed}}
    msg: roadrunner handler crashed
    handler: roadrunner_httparena_handler
    stacktrace: [{roadrunner_httparena_handler,consume_body,2,
                     [{file,"/src/src/roadrunner_httparena_handler.erl"},
                      {line,75}]},
                 {roadrunner_httparena_handler,upload_endpoint,1,
                     [{file,"/src/src/roadrunner_httparena_handler.erl"},
                      {line,65}]},
                 {roadrunner_compress,call,2,
                     [{file,
                          "/src/_build/default/lib/roadrunner/src/roadrunner_compress.erl"},
                      {line,76}]},
                 {roadrunner_conn_loop,run_pipeline,4,
                     [{file,
                          "/src/_build/default/lib/roadrunner/src/roadrunner_conn_loop.erl"},
                      {line,619}]},
                 {proc_lib,init_p_do_apply,3,
                     [{file,"proc_lib.erl"},{line,333}]}]
    class: error
=ERROR REPORT==== 2-Jun-2026::23:58:00.729523 ===
    reason: {case_clause,{error,closed}}
    msg: roadrunner handler crashed
    handler: roadrunner_httparena_handler
    stacktrace: [{roadrunner_httparena_handler,consume_body,2,
                     [{file,"/src/src/roadrunner_httparena_handler.erl"},
                      {line,75}]},
                 {roadrunner_httparena_handler,upload_endpoint,1,
                     [{file,"/src/src/roadrunner_httparena_handler.erl"},
                      {line,65}]},
                 {roadrunner_compress,call,2,
                     [{file,
                          "/src/_build/default/lib/roadrunner/src/roadrunner_compress.erl"},
                      {line,76}]},
                 {roadrunner_conn_loop,run_pipeline,4,
                     [{file,
                          "/src/_build/default/lib/roadrunner/src/roadrunner_conn_loop.erl"},
                      {line,619}]},
                 {proc_lib,init_p_do_apply,3,
                     [{file,"proc_lib.erl"},{line,333}]}]
    class: error
=ERROR REPORT==== 2-Jun-2026::23:58:00.729554 ===
    reason: {case_clause,{error,closed}}
    msg: roadrunner handler crashed
    handler: roadrunner_httparena_handler
    stacktrace: [{roadrunner_httparena_handler,consume_body,2,
                     [{file,"/src/src/roadrunner_httparena_handler.erl"},
                      {line,75}]},
                 {roadrunner_httparena_handler,upload_endpoint,1,
                     [{file,"/src/src/roadrunner_httparena_handler.erl"},
                      {line,65}]},
                 {roadrunner_compress,call,2,
                     [{file,
                          "/src/_build/default/lib/roadrunner/src/roadrunner_compress.erl"},
                      {line,76}]},
                 {roadrunner_conn_loop,run_pipeline,4,
                     [{file,
                          "/src/_build/default/lib/roadrunner/src/roadrunner_conn_loop.erl"},
                      {line,619}]},
                 {proc_lib,init_p_do_apply,3,
                     [{file,"proc_lib.erl"},{line,333}]}]
    class: error
=ERROR REPORT==== 2-Jun-2026::23:58:00.729563 ===
    reason: {case_clause,{error,closed}}
    msg: roadrunner handler crashed
    handler: roadrunner_httparena_handler
    stacktrace: [{roadrunner_httparena_handler,consume_body,2,
                     [{file,"/src/src/roadrunner_httparena_handler.erl"},
                      {line,75}]},
                 {roadrunner_httparena_handler,upload_endpoint,1,
                     [{file,"/src/src/roadrunner_httparena_handler.erl"},
                      {line,65}]},
                 {roadrunner_compress,call,2,
                     [{file,
                          "/src/_build/default/lib/roadrunner/src/roadrunner_compress.erl"},
                      {line,76}]},
                 {roadrunner_conn_loop,run_pipeline,4,
                     [{file,
                          "/src/_build/default/lib/roadrunner/src/roadrunner_conn_loop.erl"},
                      {line,619}]},
                 {proc_lib,init_p_do_apply,3,
                     [{file,"proc_lib.erl"},{line,333}]}]
    class: error
=ERROR REPORT==== 2-Jun-2026::23:58:00.729583 ===
    reason: {case_clause,{error,closed}}
    msg: roadrunner handler crashed
    handler: roadrunner_httparena_handler
    stacktrace: [{roadrunner_httparena_handler,consume_body,2,
                     [{file,"/src/src/roadrunner_httparena_handler.erl"},
                      {line,75}]},
                 {roadrunner_httparena_handler,upload_endpoint,1,
                     [{file,"/src/src/roadrunner_httparena_handler.erl"},
                      {line,65}]},
                 {roadrunner_compress,call,2,
                     [{file,
                          "/src/_build/default/lib/roadrunner/src/roadrunner_compress.erl"},
                      {line,76}]},
                 {roadrunner_conn_loop,run_pipeline,4,
                     [{file,
                          "/src/_build/default/lib/roadrunner/src/roadrunner_conn_loop.erl"},
                      {line,619}]},
                 {proc_lib,init_p_do_apply,3,
                     [{file,"proc_lib.erl"},{line,333}]}]
    class: error
=ERROR REPORT==== 2-Jun-2026::23:58:00.729612 ===
    reason: {case_clause,{error,closed}}
    msg: roadrunner handler crashed
    handler: roadrunner_httparena_handler
    stacktrace: [{roadrunner_httparena_handler,consume_body,2,
                     [{file,"/src/src/roadrunner_httparena_handler.erl"},
                      {line,75}]},
                 {roadrunner_httparena_handler,upload_endpoint,1,
                     [{file,"/src/src/roadrunner_httparena_handler.erl"},
                      {line,65}]},
                 {roadrunner_compress,call,2,
                     [{file,
                          "/src/_build/default/lib/roadrunner/src/roadrunner_compress.erl"},
                      {line,76}]},
                 {roadrunner_conn_loop,run_pipeline,4,
                     [{file,
                          "/src/_build/default/lib/roadrunner/src/roadrunner_conn_loop.erl"},
                      {line,619}]},
                 {proc_lib,init_p_do_apply,3,
                     [{file,"proc_lib.erl"},{line,333}]}]
    class: error
=ERROR REPORT==== 2-Jun-2026::23:58:00.729678 ===
    reason: {case_clause,{error,closed}}
    msg: roadrunner handler crashed
    handler: roadrunner_httparena_handler
    stacktrace: [{roadrunner_httparena_handler,consume_body,2,
                     [{file,"/src/src/roadrunner_httparena_handler.erl"},
                      {line,75}]},
                 {roadrunner_httparena_handler,upload_endpoint,1,
                     [{file,"/src/src/roadrunner_httparena_handler.erl"},
                      {line,65}]},
                 {roadrunner_compress,call,2,
                     [{file,
                          "/src/_build/default/lib/roadrunner/src/roadrunner_compress.erl"},
                      {line,76}]},
                 {roadrunner_conn_loop,run_pipeline,4,
                     [{file,
                          "/src/_build/default/lib/roadrunner/src/roadrunner_conn_loop.erl"},
                      {line,619}]},
                 {proc_lib,init_p_do_apply,3,
                     [{file,"proc_lib.erl"},{line,333}]}]
    class: error
=ERROR REPORT==== 2-Jun-2026::23:58:00.729619 ===
    reason: {case_clause,{error,closed}}
    msg: roadrunner handler crashed
    handler: roadrunner_httparena_handler
    stacktrace: [{roadrunner_httparena_handler,consume_body,2,
                     [{file,"/src/src/roadrunner_httparena_handler.erl"},
                      {line,75}]},
                 {roadrunner_httparena_handler,upload_endpoint,1,
                     [{file,"/src/src/roadrunner_httparena_handler.erl"},
                      {line,65}]},
                 {roadrunner_compress,call,2,
                     [{file,
                          "/src/_build/default/lib/roadrunner/src/roadrunner_compress.erl"},
                      {line,76}]},
                 {roadrunner_conn_loop,run_pipeline,4,
                     [{file,
                          "/src/_build/default/lib/roadrunner/src/roadrunner_conn_loop.erl"},
                      {line,619}]},
                 {proc_lib,init_p_do_apply,3,
                     [{file,"proc_lib.erl"},{line,333}]}]
    class: error
=ERROR REPORT==== 2-Jun-2026::23:58:00.729574 ===
    reason: {case_clause,{error,closed}}
    msg: roadrunner handler crashed
    handler: roadrunner_httparena_handler
    stacktrace: [{roadrunner_httparena_handler,consume_body,2,
                     [{file,"/src/src/roadrunner_httparena_handler.erl"},
                      {line,75}]},
                 {roadrunner_httparena_handler,upload_endpoint,1,
                     [{file,"/src/src/roadrunner_httparena_handler.erl"},
                      {line,65}]},
                 {roadrunner_compress,call,2,
                     [{file,
                          "/src/_build/default/lib/roadrunner/src/roadrunner_compress.erl"},
                      {line,76}]},
                 {roadrunner_conn_loop,run_pipeline,4,
                     [{file,
                          "/src/_build/default/lib/roadrunner/src/roadrunner_conn_loop.erl"},
                      {line,619}]},
                 {proc_lib,init_p_do_apply,3,
                     [{file,"proc_lib.erl"},{line,333}]}]
    class: error
=ERROR REPORT==== 2-Jun-2026::23:58:00.729630 ===
    reason: {case_clause,{error,closed}}
    msg: roadrunner handler crashed
    handler: roadrunner_httparena_handler
    stacktrace: [{roadrunner_httparena_handler,consume_body,2,
                     [{file,"/src/src/roadrunner_httparena_handler.erl"},
                      {line,75}]},
                 {roadrunner_httparena_handler,upload_endpoint,1,
                     [{file,"/src/src/roadrunner_httparena_handler.erl"},
                      {line,65}]},
                 {roadrunner_compress,call,2,
                     [{file,
                          "/src/_build/default/lib/roadrunner/src/roadrunner_compress.erl"},
                      {line,76}]},
                 {roadrunner_conn_loop,run_pipeline,4,
                     [{file,
                          "/src/_build/default/lib/roadrunner/src/roadrunner_conn_loop.erl"},
                      {line,619}]},
                 {proc_lib,init_p_do_apply,3,
                     [{file,"proc_lib.erl"},{line,333}]}]
    class: error
=ERROR REPORT==== 2-Jun-2026::23:58:00.729724 ===
    reason: {case_clause,{error,closed}}
    msg: roadrunner handler crashed
    handler: roadrunner_httparena_handler
    stacktrace: [{roadrunner_httparena_handler,consume_body,2,
                     [{file,"/src/src/roadrunner_httparena_handler.erl"},
                      {line,75}]},
                 {roadrunner_httparena_handler,upload_endpoint,1,
                     [{file,"/src/src/roadrunner_httparena_handler.erl"},
                      {line,65}]},
                 {roadrunner_compress,call,2,
                     [{file,
                          "/src/_build/default/lib/roadrunner/src/roadrunner_compress.erl"},
                      {line,76}]},
                 {roadrunner_conn_loop,run_pipeline,4,
                     [{file,
                          "/src/_build/default/lib/roadrunner/src/roadrunner_conn_loop.erl"},
                      {line,619}]},
                 {proc_lib,init_p_do_apply,3,
                     [{file,"proc_lib.erl"},{line,333}]}]
    class: error
=ERROR REPORT==== 2-Jun-2026::23:58:00.729718 ===
    reason: {case_clause,{error,closed}}
    msg: roadrunner handler crashed
    handler: roadrunner_httparena_handler
    stacktrace: [{roadrunner_httparena_handler,consume_body,2,
                     [{file,"/src/src/roadrunner_httparena_handler.erl"},
                      {line,75}]},
                 {roadrunner_httparena_handler,upload_endpoint,1,
                     [{file,"/src/src/roadrunner_httparena_handler.erl"},
                      {line,65}]},
                 {roadrunner_compress,call,2,
                     [{file,
                          "/src/_build/default/lib/roadrunner/src/roadrunner_compress.erl"},
                      {line,76}]},
                 {roadrunner_conn_loop,run_pipeline,4,
                     [{file,
                          "/src/_build/default/lib/roadrunner/src/roadrunner_conn_loop.erl"},
                      {line,619}]},
                 {proc_lib,init_p_do_apply,3,
                     [{file,"proc_lib.erl"},{line,333}]}]
    class: error
=ERROR REPORT==== 2-Jun-2026::23:58:00.729681 ===
    reason: {case_clause,{error,closed}}
    msg: roadrunner handler crashed
    handler: roadrunner_httparena_handler
    stacktrace: [{roadrunner_httparena_handler,consume_body,2,
                     [{file,"/src/src/roadrunner_httparena_handler.erl"},
                      {line,75}]},
                 {roadrunner_httparena_handler,upload_endpoint,1,
                     [{file,"/src/src/roadrunner_httparena_handler.erl"},
                      {line,65}]},
                 {roadrunner_compress,call,2,
                     [{file,
                          "/src/_build/default/lib/roadrunner/src/roadrunner_compress.erl"},
                      {line,76}]},
                 {roadrunner_conn_loop,run_pipeline,4,
                     [{file,
                          "/src/_build/default/lib/roadrunner/src/roadrunner_conn_loop.erl"},
                      {line,619}]},
                 {proc_lib,init_p_do_apply,3,
                     [{file,"proc_lib.erl"},{line,333}]}]
    class: error
=ERROR REPORT==== 2-Jun-2026::23:58:00.729493 ===
    reason: {case_clause,{error,closed}}
    msg: roadrunner handler crashed
    handler: roadrunner_httparena_handler
    stacktrace: [{roadrunner_httparena_handler,consume_body,2,
                     [{file,"/src/src/roadrunner_httparena_handler.erl"},
                      {line,75}]},
                 {roadrunner_httparena_handler,upload_endpoint,1,
                     [{file,"/src/src/roadrunner_httparena_handler.erl"},
                      {line,65}]},
                 {roadrunner_compress,call,2,
                     [{file,
                          "/src/_build/default/lib/roadrunner/src/roadrunner_compress.erl"},
                      {line,76}]},
                 {roadrunner_conn_loop,run_pipeline,4,
                     [{file,
                          "/src/_build/default/lib/roadrunner/src/roadrunner_conn_loop.erl"},
                      {line,619}]},
                 {proc_lib,init_p_do_apply,3,
                     [{file,"proc_lib.erl"},{line,333}]}]
    class: error
=ERROR REPORT==== 2-Jun-2026::23:58:00.729742 ===
    reason: {case_clause,{error,closed}}
    msg: roadrunner handler crashed
    handler: roadrunner_httparena_handler
    stacktrace: [{roadrunner_httparena_handler,consume_body,2,
                     [{file,"/src/src/roadrunner_httparena_handler.erl"},
                      {line,75}]},
                 {roadrunner_httparena_handler,upload_endpoint,1,
                     [{file,"/src/src/roadrunner_httparena_handler.erl"},
                      {line,65}]},
                 {roadrunner_compress,call,2,
                     [{file,
                          "/src/_build/default/lib/roadrunner/src/roadrunner_compress.erl"},
                      {line,76}]},
                 {roadrunner_conn_loop,run_pipeline,4,
                     [{file,
                          "/src/_build/default/lib/roadrunner/src/roadrunner_conn_loop.erl"},
                      {line,619}]},
                 {proc_lib,init_p_do_apply,3,
                     [{file,"proc_lib.erl"},{line,333}]}]
    class: error
=ERROR REPORT==== 2-Jun-2026::23:58:00.729788 ===
    reason: {case_clause,{error,closed}}
    msg: roadrunner handler crashed
    handler: roadrunner_httparena_handler
    stacktrace: [{roadrunner_httparena_handler,consume_body,2,
                     [{file,"/src/src/roadrunner_httparena_handler.erl"},
                      {line,75}]},
                 {roadrunner_httparena_handler,upload_endpoint,1,
                     [{file,"/src/src/roadrunner_httparena_handler.erl"},
                      {line,65}]},
                 {roadrunner_compress,call,2,
                     [{file,
                          "/src/_build/default/lib/roadrunner/src/roadrunner_compress.erl"},
                      {line,76}]},
                 {roadrunner_conn_loop,run_pipeline,4,
                     [{file,
                          "/src/_build/default/lib/roadrunner/src/roadrunner_conn_loop.erl"},
                      {line,619}]},
                 {proc_lib,init_p_do_apply,3,
                     [{file,"proc_lib.erl"},{line,333}]}]
    class: error
=ERROR REPORT==== 2-Jun-2026::23:58:00.729731 ===
    reason: {case_clause,{error,closed}}
    msg: roadrunner handler crashed
    handler: roadrunner_httparena_handler
    stacktrace: [{roadrunner_httparena_handler,consume_body,2,
                     [{file,"/src/src/roadrunner_httparena_handler.erl"},
                      {line,75}]},
                 {roadrunner_httparena_handler,upload_endpoint,1,
                     [{file,"/src/src/roadrunner_httparena_handler.erl"},
                      {line,65}]},
                 {roadrunner_compress,call,2,
                     [{file,
                          "/src/_build/default/lib/roadrunner/src/roadrunner_compress.erl"},
                      {line,76}]},
                 {roadrunner_conn_loop,run_pipeline,4,
                     [{file,
                          "/src/_build/default/lib/roadrunner/src/roadrunner_conn_loop.erl"},
                      {line,619}]},
                 {proc_lib,init_p_do_apply,3,
                     [{file,"proc_lib.erl"},{line,333}]}]
    class: error
=ERROR REPORT==== 2-Jun-2026::23:58:00.729738 ===
    reason: {case_clause,{error,closed}}
    msg: roadrunner handler crashed
    handler: roadrunner_httparena_handler
    stacktrace: [{roadrunner_httparena_handler,consume_body,2,
                     [{file,"/src/src/roadrunner_httparena_handler.erl"},
                      {line,75}]},
                 {roadrunner_httparena_handler,upload_endpoint,1,
                     [{file,"/src/src/roadrunner_httparena_handler.erl"},
                      {line,65}]},
                 {roadrunner_compress,call,2,
                     [{file,
                          "/src/_build/default/lib/roadrunner/src/roadrunner_compress.erl"},
                      {line,76}]},
                 {roadrunner_conn_loop,run_pipeline,4,
                     [{file,
                          "/src/_build/default/lib/roadrunner/src/roadrunner_conn_loop.erl"},
                      {line,619}]},
                 {proc_lib,init_p_do_apply,3,
                     [{file,"proc_lib.erl"},{line,333}]}]
    class: error
=ERROR REPORT==== 2-Jun-2026::23:58:08.088566 ===
    reason: {case_clause,{error,closed}}
    msg: roadrunner handler crashed
    handler: roadrunner_httparena_handler
    stacktrace: [{roadrunner_httparena_handler,consume_body,2,
                     [{file,"/src/src/roadrunner_httparena_handler.erl"},
                      {line,75}]},
                 {roadrunner_httparena_handler,upload_endpoint,1,
                     [{file,"/src/src/roadrunner_httparena_handler.erl"},
                      {line,65}]},
                 {roadrunner_compress,call,2,
                     [{file,
                          "/src/_build/default/lib/roadrunner/src/roadrunner_compress.erl"},
                      {line,76}]},
                 {roadrunner_conn_loop,run_pipeline,4,
                     [{file,
                          "/src/_build/default/lib/roadrunner/src/roadrunner_conn_loop.erl"},
                      {line,619}]},
                 {proc_lib,init_p_do_apply,3,
                     [{file,"proc_lib.erl"},{line,333}]}]
    class: error
=ERROR REPORT==== 2-Jun-2026::23:58:08.088605 ===
    reason: {case_clause,{error,closed}}
    msg: roadrunner handler crashed
    handler: roadrunner_httparena_handler
    stacktrace: [{roadrunner_httparena_handler,consume_body,2,
                     [{file,"/src/src/roadrunner_httparena_handler.erl"},
                      {line,75}]},
                 {roadrunner_httparena_handler,upload_endpoint,1,
                     [{file,"/src/src/roadrunner_httparena_handler.erl"},
                      {line,65}]},
                 {roadrunner_compress,call,2,
                     [{file,
                          "/src/_build/default/lib/roadrunner/src/roadrunner_compress.erl"},
                      {line,76}]},
                 {roadrunner_conn_loop,run_pipeline,4,
                     [{file,
                          "/src/_build/default/lib/roadrunner/src/roadrunner_conn_loop.erl"},
                      {line,619}]},
                 {proc_lib,init_p_do_apply,3,
                     [{file,"proc_lib.erl"},{line,333}]}]
    class: error
=ERROR REPORT==== 2-Jun-2026::23:58:08.088554 ===
    reason: {case_clause,{error,closed}}
    msg: roadrunner handler crashed
    handler: roadrunner_httparena_handler
    stacktrace: [{roadrunner_httparena_handler,consume_body,2,
                     [{file,"/src/src/roadrunner_httparena_handler.erl"},
                      {line,75}]},
                 {roadrunner_httparena_handler,upload_endpoint,1,
                     [{file,"/src/src/roadrunner_httparena_handler.erl"},
                      {line,65}]},
                 {roadrunner_compress,call,2,
                     [{file,
                          "/src/_build/default/lib/roadrunner/src/roadrunner_compress.erl"},
                      {line,76}]},
                 {roadrunner_conn_loop,run_pipeline,4,
                     [{file,
                          "/src/_build/default/lib/roadrunner/src/roadrunner_conn_loop.erl"},
                      {line,619}]},
                 {proc_lib,init_p_do_apply,3,
                     [{file,"proc_lib.erl"},{line,333}]}]
    class: error
=ERROR REPORT==== 2-Jun-2026::23:58:08.088618 ===
    reason: {case_clause,{error,closed}}
    msg: roadrunner handler crashed
    handler: roadrunner_httparena_handler
    stacktrace: [{roadrunner_httparena_handler,consume_body,2,
                     [{file,"/src/src/roadrunner_httparena_handler.erl"},
                      {line,75}]},
                 {roadrunner_httparena_handler,upload_endpoint,1,
                     [{file,"/src/src/roadrunner_httparena_handler.erl"},
                      {line,65}]},
                 {roadrunner_compress,call,2,
                     [{file,
                          "/src/_build/default/lib/roadrunner/src/roadrunner_compress.erl"},
                      {line,76}]},
                 {roadrunner_conn_loop,run_pipeline,4,
                     [{file,
                          "/src/_build/default/lib/roadrunner/src/roadrunner_conn_loop.erl"},
                      {line,619}]},
                 {proc_lib,init_p_do_apply,3,
                     [{file,"proc_lib.erl"},{line,333}]}]
    class: error
=ERROR REPORT==== 2-Jun-2026::23:58:08.088566 ===
    reason: {case_clause,{error,closed}}
    msg: roadrunner handler crashed
    handler: roadrunner_httparena_handler
    stacktrace: [{roadrunner_httparena_handler,consume_body,2,
                     [{file,"/src/src/roadrunner_httparena_handler.erl"},
                      {line,75}]},
                 {roadrunner_httparena_handler,upload_endpoint,1,
                     [{file,"/src/src/roadrunner_httparena_handler.erl"},
                      {line,65}]},
                 {roadrunner_compress,call,2,
                     [{file,
                          "/src/_build/default/lib/roadrunner/src/roadrunner_compress.erl"},
                      {line,76}]},
                 {roadrunner_conn_loop,run_pipeline,4,
                     [{file,
                          "/src/_build/default/lib/roadrunner/src/roadrunner_conn_loop.erl"},
                      {line,619}]},
                 {proc_lib,init_p_do_apply,3,
                     [{file,"proc_lib.erl"},{line,333}]}]
    class: error
=ERROR REPORT==== 2-Jun-2026::23:58:08.088645 ===
    reason: {case_clause,{error,closed}}
    msg: roadrunner handler crashed
    handler: roadrunner_httparena_handler
    stacktrace: [{roadrunner_httparena_handler,consume_body,2,
                     [{file,"/src/src/roadrunner_httparena_handler.erl"},
                      {line,75}]},
                 {roadrunner_httparena_handler,upload_endpoint,1,
                     [{file,"/src/src/roadrunner_httparena_handler.erl"},
                      {line,65}]},
                 {roadrunner_compress,call,2,
                     [{file,
                          "/src/_build/default/lib/roadrunner/src/roadrunner_compress.erl"},
                      {line,76}]},
                 {roadrunner_conn_loop,run_pipeline,4,
                     [{file,
                          "/src/_build/default/lib/roadrunner/src/roadrunner_conn_loop.erl"},
                      {line,619}]},
                 {proc_lib,init_p_do_apply,3,
                     [{file,"proc_lib.erl"},{line,333}]}]
    class: error
=ERROR REPORT==== 2-Jun-2026::23:58:08.088613 ===
    reason: {case_clause,{error,closed}}
    msg: roadrunner handler crashed
    handler: roadrunner_httparena_handler
    stacktrace: [{roadrunner_httparena_handler,consume_body,2,
                     [{file,"/src/src/roadrunner_httparena_handler.erl"},
                      {line,75}]},
                 {roadrunner_httparena_handler,upload_endpoint,1,
                     [{file,"/src/src/roadrunner_httparena_handler.erl"},
                      {line,65}]},
                 {roadrunner_compress,call,2,
                     [{file,
                          "/src/_build/default/lib/roadrunner/src/roadrunner_compress.erl"},
                      {line,76}]},
                 {roadrunner_conn_loop,run_pipeline,4,
                     [{file,
                          "/src/_build/default/lib/roadrunner/src/roadrunner_conn_loop.erl"},
                      {line,619}]},
                 {proc_lib,init_p_do_apply,3,
                     [{file,"proc_lib.erl"},{line,333}]}]
    class: error
=ERROR REPORT==== 2-Jun-2026::23:58:08.088590 ===
    reason: {case_clause,{error,closed}}
    msg: roadrunner handler crashed
    handler: roadrunner_httparena_handler
    stacktrace: [{roadrunner_httparena_handler,consume_body,2,
                     [{file,"/src/src/roadrunner_httparena_handler.erl"},
                      {line,75}]},
                 {roadrunner_httparena_handler,upload_endpoint,1,
                     [{file,"/src/src/roadrunner_httparena_handler.erl"},
                      {line,65}]},
                 {roadrunner_compress,call,2,
                     [{file,
                          "/src/_build/default/lib/roadrunner/src/roadrunner_compress.erl"},
                      {line,76}]},
                 {roadrunner_conn_loop,run_pipeline,4,
                     [{file,
                          "/src/_build/default/lib/roadrunner/src/roadrunner_conn_loop.erl"},
                      {line,619}]},
                 {proc_lib,init_p_do_apply,3,
                     [{file,"proc_lib.erl"},{line,333}]}]
    class: error
=ERROR REPORT==== 2-Jun-2026::23:58:08.088697 ===
    reason: {case_clause,{error,closed}}
    msg: roadrunner handler crashed
    handler: roadrunner_httparena_handler
    stacktrace: [{roadrunner_httparena_handler,consume_body,2,
                     [{file,"/src/src/roadrunner_httparena_handler.erl"},
                      {line,75}]},
                 {roadrunner_httparena_handler,upload_endpoint,1,
                     [{file,"/src/src/roadrunner_httparena_handler.erl"},
                      {line,65}]},
                 {roadrunner_compress,call,2,
                     [{file,
                          "/src/_build/default/lib/roadrunner/src/roadrunner_compress.erl"},
                      {line,76}]},
                 {roadrunner_conn_loop,run_pipeline,4,
                     [{file,
                          "/src/_build/default/lib/roadrunner/src/roadrunner_conn_loop.erl"},
                      {line,619}]},
                 {proc_lib,init_p_do_apply,3,
                     [{file,"proc_lib.erl"},{line,333}]}]
    class: error
=ERROR REPORT==== 2-Jun-2026::23:58:08.088711 ===
    reason: {case_clause,{error,closed}}
    msg: roadrunner handler crashed
    handler: roadrunner_httparena_handler
    stacktrace: [{roadrunner_httparena_handler,consume_body,2,
                     [{file,"/src/src/roadrunner_httparena_handler.erl"},
                      {line,75}]},
                 {roadrunner_httparena_handler,upload_endpoint,1,
                     [{file,"/src/src/roadrunner_httparena_handler.erl"},
                      {line,65}]},
                 {roadrunner_compress,call,2,
                     [{file,
                          "/src/_build/default/lib/roadrunner/src/roadrunner_compress.erl"},
                      {line,76}]},
                 {roadrunner_conn_loop,run_pipeline,4,
                     [{file,
                          "/src/_build/default/lib/roadrunner/src/roadrunner_conn_loop.erl"},
                      {line,619}]},
                 {proc_lib,init_p_do_apply,3,
                     [{file,"proc_lib.erl"},{line,333}]}]
    class: error
=ERROR REPORT==== 2-Jun-2026::23:58:08.088705 ===
    reason: {case_clause,{error,closed}}
    msg: roadrunner handler crashed
    handler: roadrunner_httparena_handler
    stacktrace: [{roadrunner_httparena_handler,consume_body,2,
                     [{file,"/src/src/roadrunner_httparena_handler.erl"},
                      {line,75}]},
                 {roadrunner_httparena_handler,upload_endpoint,1,
                     [{file,"/src/src/roadrunner_httparena_handler.erl"},
                      {line,65}]},
                 {roadrunner_compress,call,2,
                     [{file,
                          "/src/_build/default/lib/roadrunner/src/roadrunner_compress.erl"},
                      {line,76}]},
                 {roadrunner_conn_loop,run_pipeline,4,
                     [{file,
                          "/src/_build/default/lib/roadrunner/src/roadrunner_conn_loop.erl"},
                      {line,619}]},
                 {proc_lib,init_p_do_apply,3,
                     [{file,"proc_lib.erl"},{line,333}]}]
    class: error
=ERROR REPORT==== 2-Jun-2026::23:58:08.088740 ===
    reason: {case_clause,{error,closed}}
    msg: roadrunner handler crashed
    handler: roadrunner_httparena_handler
    stacktrace: [{roadrunner_httparena_handler,consume_body,2,
                     [{file,"/src/src/roadrunner_httparena_handler.erl"},
                      {line,75}]},
                 {roadrunner_httparena_handler,upload_endpoint,1,
                     [{file,"/src/src/roadrunner_httparena_handler.erl"},
                      {line,65}]},
                 {roadrunner_compress,call,2,
                     [{file,
                          "/src/_build/default/lib/roadrunner/src/roadrunner_compress.erl"},
                      {line,76}]},
                 {roadrunner_conn_loop,run_pipeline,4,
                     [{file,
                          "/src/_build/default/lib/roadrunner/src/roadrunner_conn_loop.erl"},
                      {line,619}]},
                 {proc_lib,init_p_do_apply,3,
                     [{file,"proc_lib.erl"},{line,333}]}]
    class: error
=ERROR REPORT==== 2-Jun-2026::23:58:08.088736 ===
    reason: {case_clause,{error,closed}}
    msg: roadrunner handler crashed
    handler: roadrunner_httparena_handler
    stacktrace: [{roadrunner_httparena_handler,consume_body,2,
                     [{file,"/src/src/roadrunner_httparena_handler.erl"},
                      {line,75}]},
                 {roadrunner_httparena_handler,upload_endpoint,1,
                     [{file,"/src/src/roadrunner_httparena_handler.erl"},
                      {line,65}]},
                 {roadrunner_compress,call,2,
                     [{file,
                          "/src/_build/default/lib/roadrunner/src/roadrunner_compress.erl"},
                      {line,76}]},
                 {roadrunner_conn_loop,run_pipeline,4,
                     [{file,
                          "/src/_build/default/lib/roadrunner/src/roadrunner_conn_loop.erl"},
                      {line,619}]},
                 {proc_lib,init_p_do_apply,3,
                     [{file,"proc_lib.erl"},{line,333}]}]
    class: error
=ERROR REPORT==== 2-Jun-2026::23:58:08.088744 ===
    reason: {case_clause,{error,closed}}
    msg: roadrunner handler crashed
    handler: roadrunner_httparena_handler
    stacktrace: [{roadrunner_httparena_handler,consume_body,2,
                     [{file,"/src/src/roadrunner_httparena_handler.erl"},
                      {line,75}]},
                 {roadrunner_httparena_handler,upload_endpoint,1,
                     [{file,"/src/src/roadrunner_httparena_handler.erl"},
                      {line,65}]},
                 {roadrunner_compress,call,2,
                     [{file,
                          "/src/_build/default/lib/roadrunner/src/roadrunner_compress.erl"},
                      {line,76}]},
                 {roadrunner_conn_loop,run_pipeline,4,
                     [{file,
                          "/src/_build/default/lib/roadrunner/src/roadrunner_conn_loop.erl"},
                      {line,619}]},
                 {proc_lib,init_p_do_apply,3,
                     [{file,"proc_lib.erl"},{line,333}]}]
    class: error
=ERROR REPORT==== 2-Jun-2026::23:58:08.088710 ===
    reason: {case_clause,{error,closed}}
    msg: roadrunner handler crashed
    handler: roadrunner_httparena_handler
    stacktrace: [{roadrunner_httparena_handler,consume_body,2,
                     [{file,"/src/src/roadrunner_httparena_handler.erl"},
                      {line,75}]},
                 {roadrunner_httparena_handler,upload_endpoint,1,
                     [{file,"/src/src/roadrunner_httparena_handler.erl"},
                      {line,65}]},
                 {roadrunner_compress,call,2,
                     [{file,
                          "/src/_build/default/lib/roadrunner/src/roadrunner_compress.erl"},
                      {line,76}]},
                 {roadrunner_conn_loop,run_pipeline,4,
                     [{file,
                          "/src/_build/default/lib/roadrunner/src/roadrunner_conn_loop.erl"},
                      {line,619}]},
                 {proc_lib,init_p_do_apply,3,
                     [{file,"proc_lib.erl"},{line,333}]}]
    class: error
=ERROR REPORT==== 2-Jun-2026::23:58:08.088767 ===
    reason: {case_clause,{error,closed}}
    msg: roadrunner handler crashed
    handler: roadrunner_httparena_handler
    stacktrace: [{roadrunner_httparena_handler,consume_body,2,
                     [{file,"/src/src/roadrunner_httparena_handler.erl"},
                      {line,75}]},
                 {roadrunner_httparena_handler,upload_endpoint,1,
                     [{file,"/src/src/roadrunner_httparena_handler.erl"},
                      {line,65}]},
                 {roadrunner_compress,call,2,
                     [{file,
                          "/src/_build/default/lib/roadrunner/src/roadrunner_compress.erl"},
                      {line,76}]},
                 {roadrunner_conn_loop,run_pipeline,4,
                     [{file,
                          "/src/_build/default/lib/roadrunner/src/roadrunner_conn_loop.erl"},
                      {line,619}]},
                 {proc_lib,init_p_do_apply,3,
                     [{file,"proc_lib.erl"},{line,333}]}]
    class: error
=ERROR REPORT==== 2-Jun-2026::23:58:08.088742 ===
    reason: {case_clause,{error,closed}}
    msg: roadrunner handler crashed
    handler: roadrunner_httparena_handler
    stacktrace: [{roadrunner_httparena_handler,consume_body,2,
                     [{file,"/src/src/roadrunner_httparena_handler.erl"},
                      {line,75}]},
                 {roadrunner_httparena_handler,upload_endpoint,1,
                     [{file,"/src/src/roadrunner_httparena_handler.erl"},
                      {line,65}]},
                 {roadrunner_compress,call,2,
                     [{file,
                          "/src/_build/default/lib/roadrunner/src/roadrunner_compress.erl"},
                      {line,76}]},
                 {roadrunner_conn_loop,run_pipeline,4,
                     [{file,
                          "/src/_build/default/lib/roadrunner/src/roadrunner_conn_loop.erl"},
                      {line,619}]},
                 {proc_lib,init_p_do_apply,3,
                     [{file,"proc_lib.erl"},{line,333}]}]
    class: error
=ERROR REPORT==== 2-Jun-2026::23:58:08.088741 ===
    reason: {case_clause,{error,closed}}
    msg: roadrunner handler crashed
    handler: roadrunner_httparena_handler
    stacktrace: [{roadrunner_httparena_handler,consume_body,2,
                     [{file,"/src/src/roadrunner_httparena_handler.erl"},
                      {line,75}]},
                 {roadrunner_httparena_handler,upload_endpoint,1,
                     [{file,"/src/src/roadrunner_httparena_handler.erl"},
                      {line,65}]},
                 {roadrunner_compress,call,2,
                     [{file,
                          "/src/_build/default/lib/roadrunner/src/roadrunner_compress.erl"},
                      {line,76}]},
                 {roadrunner_conn_loop,run_pipeline,4,
                     [{file,
                          "/src/_build/default/lib/roadrunner/src/roadrunner_conn_loop.erl"},
                      {line,619}]},
                 {proc_lib,init_p_do_apply,3,
                     [{file,"proc_lib.erl"},{line,333}]}]
    class: error
=ERROR REPORT==== 2-Jun-2026::23:58:08.088797 ===
    reason: {case_clause,{error,closed}}
    msg: roadrunner handler crashed
    handler: roadrunner_httparena_handler
    stacktrace: [{roadrunner_httparena_handler,consume_body,2,
                     [{file,"/src/src/roadrunner_httparena_handler.erl"},
                      {line,75}]},
                 {roadrunner_httparena_handler,upload_endpoint,1,
                     [{file,"/src/src/roadrunner_httparena_handler.erl"},
                      {line,65}]},
                 {roadrunner_compress,call,2,
                     [{file,
                          "/src/_build/default/lib/roadrunner/src/roadrunner_compress.erl"},
                      {line,76}]},
                 {roadrunner_conn_loop,run_pipeline,4,
                     [{file,
                          "/src/_build/default/lib/roadrunner/src/roadrunner_conn_loop.erl"},
                      {line,619}]},
                 {proc_lib,init_p_do_apply,3,
                     [{file,"proc_lib.erl"},{line,333}]}]
    class: error
=ERROR REPORT==== 2-Jun-2026::23:58:08.088760 ===
    reason: {case_clause,{error,closed}}
    msg: roadrunner handler crashed
    handler: roadrunner_httparena_handler
    stacktrace: [{roadrunner_httparena_handler,consume_body,2,
                     [{file,"/src/src/roadrunner_httparena_handler.erl"},
                      {line,75}]},
                 {roadrunner_httparena_handler,upload_endpoint,1,
                     [{file,"/src/src/roadrunner_httparena_handler.erl"},
                      {line,65}]},
                 {roadrunner_compress,call,2,
                     [{file,
                          "/src/_build/default/lib/roadrunner/src/roadrunner_compress.erl"},
                      {line,76}]},
                 {roadrunner_conn_loop,run_pipeline,4,
                     [{file,
                          "/src/_build/default/lib/roadrunner/src/roadrunner_conn_loop.erl"},
                      {line,619}]},
                 {proc_lib,init_p_do_apply,3,
                     [{file,"proc_lib.erl"},{line,333}]}]
    class: error
=ERROR REPORT==== 2-Jun-2026::23:58:08.091442 ===
    reason: {case_clause,{error,closed}}
    msg: roadrunner handler crashed
    handler: roadrunner_httparena_handler
    stacktrace: [{roadrunner_httparena_handler,consume_body,2,
                     [{file,"/src/src/roadrunner_httparena_handler.erl"},
                      {line,75}]},
                 {roadrunner_httparena_handler,upload_endpoint,1,
                     [{file,"/src/src/roadrunner_httparena_handler.erl"},
                      {line,65}]},
                 {roadrunner_compress,call,2,
                     [{file,
                          "/src/_build/default/lib/roadrunner/src/roadrunner_compress.erl"},
                      {line,76}]},
                 {roadrunner_conn_loop,run_pipeline,4,
                     [{file,
                          "/src/_build/default/lib/roadrunner/src/roadrunner_conn_loop.erl"},
                      {line,619}]},
                 {proc_lib,init_p_do_apply,3,
                     [{file,"proc_lib.erl"},{line,333}]}]
    class: error
=ERROR REPORT==== 2-Jun-2026::23:58:08.091468 ===
    reason: {case_clause,{error,closed}}
    msg: roadrunner handler crashed
    handler: roadrunner_httparena_handler
    stacktrace: [{roadrunner_httparena_handler,consume_body,2,
                     [{file,"/src/src/roadrunner_httparena_handler.erl"},
                      {line,75}]},
                 {roadrunner_httparena_handler,upload_endpoint,1,
                     [{file,"/src/src/roadrunner_httparena_handler.erl"},
                      {line,65}]},
                 {roadrunner_compress,call,2,
                     [{file,
                          "/src/_build/default/lib/roadrunner/src/roadrunner_compress.erl"},
                      {line,76}]},
                 {roadrunner_conn_loop,run_pipeline,4,
                     [{file,
                          "/src/_build/default/lib/roadrunner/src/roadrunner_conn_loop.erl"},
                      {line,619}]},
                 {proc_lib,init_p_do_apply,3,
                     [{file,"proc_lib.erl"},{line,333}]}]
    class: error
=ERROR REPORT==== 2-Jun-2026::23:58:08.091470 ===
    reason: {case_clause,{error,closed}}
    msg: roadrunner handler crashed
    handler: roadrunner_httparena_handler
    stacktrace: [{roadrunner_httparena_handler,consume_body,2,
                     [{file,"/src/src/roadrunner_httparena_handler.erl"},
                      {line,75}]},
                 {roadrunner_httparena_handler,upload_endpoint,1,
                     [{file,"/src/src/roadrunner_httparena_handler.erl"},
                      {line,65}]},
                 {roadrunner_compress,call,2,
                     [{file,
                          "/src/_build/default/lib/roadrunner/src/roadrunner_compress.erl"},
                      {line,76}]},
                 {roadrunner_conn_loop,run_pipeline,4,
                     [{file,
                          "/src/_build/default/lib/roadrunner/src/roadrunner_conn_loop.erl"},
                      {line,619}]},
                 {proc_lib,init_p_do_apply,3,
                     [{file,"proc_lib.erl"},{line,333}]}]
    class: error
=ERROR REPORT==== 2-Jun-2026::23:58:08.091497 ===
    reason: {case_clause,{error,closed}}
    msg: roadrunner handler crashed
    handler: roadrunner_httparena_handler
    stacktrace: [{roadrunner_httparena_handler,consume_body,2,
                     [{file,"/src/src/roadrunner_httparena_handler.erl"},
                      {line,75}]},
                 {roadrunner_httparena_handler,upload_endpoint,1,
                     [{file,"/src/src/roadrunner_httparena_handler.erl"},
                      {line,65}]},
                 {roadrunner_compress,call,2,
                     [{file,
                          "/src/_build/default/lib/roadrunner/src/roadrunner_compress.erl"},
                      {line,76}]},
                 {roadrunner_conn_loop,run_pipeline,4,
                     [{file,
                          "/src/_build/default/lib/roadrunner/src/roadrunner_conn_loop.erl"},
                      {line,619}]},
                 {proc_lib,init_p_do_apply,3,
                     [{file,"proc_lib.erl"},{line,333}]}]
    class: error
=ERROR REPORT==== 2-Jun-2026::23:58:08.091484 ===
    reason: {case_clause,{error,closed}}
    msg: roadrunner handler crashed
    handler: roadrunner_httparena_handler
    stacktrace: [{roadrunner_httparena_handler,consume_body,2,
                     [{file,"/src/src/roadrunner_httparena_handler.erl"},
                      {line,75}]},
                 {roadrunner_httparena_handler,upload_endpoint,1,
                     [{file,"/src/src/roadrunner_httparena_handler.erl"},
                      {line,65}]},
                 {roadrunner_compress,call,2,
                     [{file,
                          "/src/_build/default/lib/roadrunner/src/roadrunner_compress.erl"},
                      {line,76}]},
                 {roadrunner_conn_loop,run_pipeline,4,
                     [{file,
                          "/src/_build/default/lib/roadrunner/src/roadrunner_conn_loop.erl"},
                      {line,619}]},
                 {proc_lib,init_p_do_apply,3,
                     [{file,"proc_lib.erl"},{line,333}]}]
    class: error
