entrypoint: postgres enabled (postgres://bench@127.0.0.1:5432/benchmark?sslmode=disable) pool_size_per_worker=3 (nproc=64, max_conn=256)
info: [master] starting 64 workers on :8080
info: [master] forked worker 0 (pid 21)
info: [master] forked worker 1 (pid 22)
info: [w1] worker starting
info: [w0] worker starting
info: [master] forked worker 2 (pid 23)
info: [w2] worker starting
info: [master] forked worker 3 (pid 24)
info: [master] forked worker 4 (pid 25)
info: [w3] worker starting
info: [w4] worker starting
info: [master] forked worker 5 (pid 26)
info: [w5] worker starting
info: [master] forked worker 6 (pid 27)
info: [w6] worker starting
info: [master] forked worker 7 (pid 28)
info: [w7] worker starting
info: [master] forked worker 8 (pid 29)
info: [w8] worker starting
info: [master] forked worker 9 (pid 30)
info: [w9] worker starting
info: [master] forked worker 10 (pid 31)
info: [w10] worker starting
info: [master] forked worker 11 (pid 32)
info: [w11] worker starting
info: [master] forked worker 12 (pid 33)
info: [master] forked worker 13 (pid 34)
info: [w13] worker starting
info: [master] forked worker 14 (pid 35)
info: [w14] worker starting
info: [master] forked worker 15 (pid 36)
info: [w15] worker starting
info: [w12] worker starting
info: [master] forked worker 16 (pid 37)
info: [w16] worker starting
info: [master] forked worker 17 (pid 38)
info: [w17] worker starting
info: [master] forked worker 18 (pid 39)
info: [w18] worker starting
info: [master] forked worker 19 (pid 40)
info: [w19] worker starting
info: [master] forked worker 20 (pid 41)
info: [w20] worker starting
info: [master] forked worker 21 (pid 42)
info: [w21] worker starting
info: [master] forked worker 22 (pid 43)
info: [w22] worker starting
info: [master] forked worker 23 (pid 44)
info: [w23] worker starting
info: [master] forked worker 24 (pid 45)
info: [w24] worker starting
info: [master] forked worker 25 (pid 46)
info: [w25] worker starting
info: [master] forked worker 26 (pid 47)
info: [w26] worker starting
info: [master] forked worker 27 (pid 48)
info: [w27] worker starting
info: [master] forked worker 28 (pid 49)
info: [w28] worker starting
info: [master] forked worker 29 (pid 50)
info: [w29] worker starting
info: [master] forked worker 30 (pid 51)
info: [w30] worker starting
info: [master] forked worker 31 (pid 52)
info: [w31] worker starting
info: [master] forked worker 32 (pid 53)
info: [w32] worker starting
info: [master] forked worker 33 (pid 54)
info: [w33] worker starting
info: [master] forked worker 34 (pid 55)
info: [w34] worker starting
info: [master] forked worker 35 (pid 56)
info: [w35] worker starting
info: [master] forked worker 36 (pid 57)
info: [w36] worker starting
info: [master] forked worker 37 (pid 58)
info: [w37] worker starting
info: [master] forked worker 38 (pid 59)
info: [w38] worker starting
info: [master] forked worker 39 (pid 60)
info: [w39] worker starting
info: [master] forked worker 40 (pid 61)
info: [w40] worker starting
info: [master] forked worker 41 (pid 62)
info: [w41] worker starting
info: [master] forked worker 42 (pid 63)
info: postgres: client configured for 127.0.0.1:5432 (pool 3, sslmode=disable)
info: [w42] worker starting
info: postgres: client configured for 127.0.0.1:5432 (pool 3, sslmode=disable)
info: postgres: client configured for 127.0.0.1:5432 (pool 3, sslmode=disable)
info: postgres: client configured for 127.0.0.1:5432 (pool 3, sslmode=info: postgres: client configured for 127.0.0.1:5432 (pool 3, sslmode=disable)
info: [master] forked worker 43 (pid 64)
disable)
info: postgres: client configured for 127.0.0.1:5432 (pool 3, sslmode=disable)
info: postgres: client configured for 127.0.0.1:5432 (pool 3, sslmode=disable)
info: postgres: client configured for 127.0.0.1:5432 (pool 3, sslmode=disable)
info: [w43] worker starting
info: [master] forked worker 44 (pid 65)
info: postgres: client configured for 127.0.0.1:5432 (pool 3, sslmode=disable)
info: [w44] worker starting
info: postgres: client configured for 127.0.0.1:5432 (pool 3, sslmode=disable)
info: postgres: client configured for 127.0.0.1:5432 (pool 3, sslmode=disable)
info: [master] forked worker 45 (pid 66)
info: [w45] worker starting
info: [master] forked worker 46 (pid 67)
info: [w46] worker starting
info: [master] forked worker 47 (pid 76)
info: [w47] worker starting
info: postgres: client configured for 127.0.0.1:5432 (pool 3, sslmode=disable)
info: [master] forked worker 48 (pid 80)
info: postgres: client configured for 127.0.0.1:5432 (pool 3, sslmode=disable)
info: [w48] worker starting
info: postgres: client configured for 127.0.0.1:5432 (pool 3, sslmode=disable)
info: postgres: client configured for 127.0.0.1:5432 (pool 3, sslmode=disable)
info: [master] forked worker 49 (pid 81)
info: [w49] worker starting
info: postgres: client configured for 127.0.0.1:5432 (pool 3, sslmode=disable)
info: postgres: client configured for 127.0.0.1:5432 (pool 3, sslmode=disable)
info: [master] forked worker 50 (pid 82)
info: [w50] worker starting
info: [master] forked worker 51 (pid 83)
info: postgres: client configured for 127.0.0.1:5432 (pool 3, sslmode=disable)
info: [w51] worker starting
info: postgres: client configured for 127.0.0.1:5432 (pool 3, sslmode=disable)
info: [master] forked worker 52 (pid 88)
info: [w52] worker starting
info: [master] forked worker 53 (pid 91)
info: [w53] worker starting
info: postgres: client configured for 127.0.0.1:5432 (pool 3, sslmode=disable)
info: postgres: client configured for 127.0.0.1:5432 (pool 3, sslmode=disable)
info: postgres: slot 0: connection ready (backend pid 131)
info: [master] forked worker 54 (pid 93)
info: [w54] worker starting
info: [master] forked worker 55 (pid 95)
info: postgres: slot 1: connection ready (backend pid 132)
info: postgres: client configured for 127.0.0.1:5432 (pool 3, sslmode=disable)
info: [w55] worker starting
info: postgres: client configured for 127.0.0.1:5432 (pool 3, sslmode=disable)
info: [master] forked worker 56 (pid 97)
info: postgres: client configured for 127.0.0.1:5432 (pool 3, sslmode=disable)
info: [w56] worker starting
info: [master] forked worker 57 (pid 99)
info: postgres: slot 2: connection ready (backend pid 133)
info: [w57] worker starting
info: [master] forked worker 58 (pid 100)
info: [w58] worker starting
info: [master] forked worker 59 (pid 103)
info: postgres: slot 0: connection ready (backend pid 134)
info: [w59] worker starting
info: [master] forked worker 60 (pid 105)
info: [w60] worker starting
info: postgres: client configured for 127.0.0.1:5432 (pool 3, sslmode=disable)
info: [master] forked worker 61 (pid 106)
info: [w61] worker starting
info: postgres: client configured for 127.0.0.1:5432 (pool 3, sslmode=disable)
info: postgres: slot 0: connection ready (backend pid 135)
info: [master] forked worker 62 (pid 107)
info: postgres: client configured for 127.0.0.1:5432 (pool 3, sslmode=disable)
info: postgres: client configured for 127.0.0.1:5432 (pool 3, sslmode=disable)
info: [w62] worker starting
info: [master] forked worker 63 (pid 108)
info: [w63] worker starting
info: postgres: slot 0: connection ready (backend pid 136)
info: postgres: slot 1: connection ready (backend pid 137)
info: postgres: client configured for 127.0.0.1:5432 (pool 3, sslmode=disable)
info: postgres: client configured for 127.0.0.1:5432 (pool 3, sslmode=disable)
info: postgres: client configured for 127.0.0.1:5432 (pool 3, sslmode=disable)
info: postgres: client configured for 127.0.0.1:5432 (pool 3, sslmode=disable)
info: postgres: slot 0: connection ready (backend pid 138)
info: postgres: slot 0: connection ready (backend pid 139)
info: postgres: slot 0: connection ready (backend pid 140)
info: postgres: client configured for 127.0.0.1:5432 (pool 3, sslmode=disable)
info: postgres: slot 1: connection ready (backend pid 141)
info: postgres: client configured for 127.0.0.1:5432 (pool 3, sslmode=disable)
info: postgres: slot 2: connection ready (backend pid 142)
info: postgres: client configured for 127.0.0.1:5432 (pool 3, sslmode=disable)
info: postgres: client configured for 127.0.0.1:5432 (pool 3, sslmode=disable)
info: postgres: slot 1: connection ready (backend pid 143)
info: postgres: client configured for 127.0.0.1:5432 (pool 3, sslmode=disable)
info: postgres: client configured for 127.0.0.1:5432 (pool 3, sslmode=disable)
info: postgres: client configured for 127.0.0.1:5432 (pool 3, sslmode=disable)
info: postgres: slot 1: connection ready (backend pid 144)
info: postgres: client configured for 127.0.0.1:5432 (pool 3, sslmode=disable)
info: postgres: slot 1: connection ready (backend pid 145)
info: postgres: client configured for 127.0.0.1:5432 (pool 3, sslmode=disable)
info: postgres: slot 1: connection ready (backend pid 146)
info: postgres: client configured for 127.0.0.1:5432 (pool 3, sslmode=disable)
info: postgres: client configured for 127.0.0.1:5432 (pool 3, sslmode=disable)
info: postgres: slot 2: connection ready (backend pid 147)
info: postgres: client configured for 127.0.0.1:5432 (pool 3, sslmode=disable)
info: postgres: client configured for 127.0.0.1:5432 (pool 3, sslmode=disable)
info: postgres: client configured for 127.0.0.1:5432 (pool 3, sslmode=disable)
info: postgres: slot 2: connection ready (backend pid 148)
info: postgres: client configured for 127.0.0.1:5432 (pool 3, sslmode=disable)
info: postgres: client configured for 127.0.0.1:5432 (pool 3, sslmode=disable)
info: postgres: client configured for 127.0.0.1:5432 (pool 3, sslmode=disable)
info: postgres: client configured for 127.0.0.1:5432 (pool 3, sslmode=disable)
info: postgres: slot 2: connection ready (backend pid 149)
info: postgres: client configured for 127.0.0.1:5432 (pool 3, sslmode=disable)
info: postgres: client configured for 127.0.0.1:5432 (pool 3, sslmode=disable)
info: postgres: client configured for 127.0.0.1:5432 (pool 3, sslmode=disable)
info: postgres: slot 2: connection ready (backend pid 150)
info: postgres: client configured for 127.0.0.1:5432 (pool 3, sslmode=disable)
info: postgres: slot 2: connection ready (backend pid 151)
info: postgres: client configured for 127.0.0.1:5432 (pool 3, sslmode=disable)
info: postgres: client configured for 127.0.0.1:5432 (pool 3, sslmode=disable)
info: postgres: slot 0: connection ready (backend pid 152)
info: postgres: client configured for 127.0.0.1:5432 (pool 3, sslmode=disable)
info: postgres: client configured for 127.0.0.1:5432 (pool 3, sslmode=disable)
info: postgres: client configured for 127.0.0.1:5432 (pool 3, sslmode=disable)
info: postgres: slot 1: connection ready (backend pid 153)
info: postgres: client configured for 127.0.0.1:5432 (pool 3, sslmode=disable)
info: postgres: slot 2: connection ready (backend pid 154)
info: postgres: client configured for 127.0.0.1:5432 (pool 3, sslmode=disable)
info: postgres: client configured for 127.0.0.1:5432 (pool 3, sslmode=disable)
info: postgres: client configured for 127.0.0.1:5432 (pool 3, sslmode=disable)
info: postgres: slot 0: connection ready (backend pid 155)
info: postgres: slot 1: connection ready (backend pid 156)
info: postgres: client configured for 127.0.0.1:5432 (pool 3, sslmode=info: postgres: slot 2: connection ready (backend pid 157)
disable)
info: postgres: slot 0: connection ready (backend pid 158)
info: postgres: slot 1: connection ready (backend pid 160)
info: postgres: slot 0: connection ready (backend pid 159)
info: postgres: slot 1: connection ready (backend pid 161)
info: postgres: slot 2: connection ready (backend pid 162)
info: postgres: slot 2: connection ready (backend pid 163)
info: postgres: slot 0: connection ready (backend pid 164)
info: postgres: slot 1: connection ready (backend pid 165)
info: postgres: slot 0: connection ready (backend pid 166)
info: postgres: slot 2: connection ready (backend pid 167)
info: postgres: slot 0: connection ready (backend pid 170)
info: postgres: slot 0: connection ready (backend pid 171)
info: postgres: slot 1: connection ready (backend pid 172)
info: postgres: slot 1: connection ready (backend pid 168)
info: postgres: slot 2: connection ready (backend pid 169)
info: postgres: slot 1: connection ready (backend pid 173)
info: postgres: slot 2: connection ready (backend pid 174)
info: postgres: slot 2: connection ready (backend pid 175)
info: postgres: slot 0: connection ready (backend pid 177)
info: postgres: slot 0: connection ready (backend pid 176)
info: postgres: slot 1: connection ready (backend pid 178)
info: postgres: slot 1: connection ready (backend pid 179)
info: postgres: slot 2: connection ready (backend pid 180)
info: postgres: slot 2: connection ready (backend pid 181)
info: postgres: slot 0: connection ready (backend pid 182)
info: postgres: slot 1: connection ready (backend pid 183)
info: postgres: slot 2: connection ready (backend pid 184)
info: postgres: slot 0: connection ready (backend pid 185)
info: postgres: slot 1: connection ready (backend pid 186)
info: postgres: slot 2: connection ready (backend pid 187)
info: postgres: slot 0: connection ready (backend pid 188)
info: postgres: slot 1: connection ready (backend pid 189)
info: postgres: slot 2: connection ready (backend pid 190)
info: postgres: slot 0: connection ready (backend pid 191)
info: postgres: slot 1: connection ready (backend pid 192)
info: postgres: slot 2: connection ready (backend pid 193)
info: postgres: slot 1: connection ready (backend pid 195)
info: postgres: slot 0: connection ready (backend pid 194)
info: postgres: slot 2: connection ready (backend pid 196)
info: postgres: slot 0: connection ready (backend pid 197)
info: postgres: slot 1: connection ready (backend pid 198)
info: postgres: slot 2: connection ready (backend pid 199)
info: postgres: slot 0: connection ready (backend pid 200)
info: postgres: slot 1: connection ready (backend pid 201)
info: postgres: slot 2: connection ready (backend pid 202)
info: postgres: slot 0: connection ready (backend pid 203)
info: postgres: slot 1: connection ready (backend pid 204)
info: postgres: slot 2: connection ready (backend pid 205)
info: postgres: slot 0: connection ready (backend pid 206)
info: postgres: slot 2: connection ready (backend pid 208)
info: postgres: slot 1: connection ready (backend pid 207)
info: postgres: slot 0: connection ready (backend pid 209)
info: postgres: slot 1: connection ready (backend pid 210)
info: postgres: slot 2: connection ready (backend pid 211)
info: postgres: slot 0: connection ready (backend pid 212)
info: postgres: slot 1: connection ready (backend pid 213)
info: postgres: slot 2: connection ready (backend pid 214)
info: postgres: slot 0: connection ready (backend pid 215)
info: postgres: slot 0: connection ready (backend pid 216)
info: postgres: slot 1: connection ready (backend pid 217)
info: postgres: slot 1: connection ready (backend pid 218)
info: postgres: slot 0: connection ready (backend pid 219)
info: postgres: slot 2: connection ready (backend pid 220)
info: postgres: slot 0: connection ready (backend pid 221)
info: postgres: slot 2: connection ready (backend pid 222)
info: postgres: slot 1: connection ready (backend pid 223)
info: postgres: slot 1: connection ready (backend pid 224)
info: postgres: slot 2: connection ready (backend pid 225)
info: postgres: slot 2: connection ready (backend pid 226)
info: postgres: slot 0: connection ready (backend pid 227)
info: postgres: slot 1: connection ready (backend pid 228)
info: postgres: slot 2: connection ready (backend pid 229)
info: postgres: slot 0: connection ready (backend pid 230)
info: postgres: slot 1: connection ready (backend pid 231)
info: postgres: slot 2: connection ready (backend pid 232)
info: postgres: slot 0: connection ready (backend pid 233)
info: postgres: slot 1: connection ready (backend pid 234)
info: postgres: slot 2: connection ready (backend pid 235)
info: postgres: slot 0: connection ready (backend pid 236)
info: postgres: slot 1: connection ready (backend pid 237)
info: postgres: slot 2: connection ready (backend pid 238)
info: postgres: slot 0: connection ready (backend pid 239)
info: postgres: slot 1: connection ready (backend pid 240)
info: postgres: slot 2: connection ready (backend pid 241)
info: postgres: slot 0: connection ready (backend pid 242)
info: postgres: slot 0: connection ready (backend pid 243)
info: postgres: slot 1: connection ready (backend pid 244)
info: postgres: slot 2: connection ready (backend pid 245)
info: postgres: slot 1: connection ready (backend pid 246)
info: postgres: slot 2: connection ready (backend pid 247)
info: postgres: slot 0: connection ready (backend pid 248)
info: postgres: slot 1: connection ready (backend pid 249)
info: postgres: slot 2: connection ready (backend pid 250)
info: postgres: slot 0: connection ready (backend pid 251)
info: postgres: slot 1: connection ready (backend pid 252)
info: postgres: slot 2: connection ready (backend pid 253)
info: postgres: slot 0: connection ready (backend pid 254)
info: postgres: slot 1: connection ready (backend pid 255)
info: postgres: slot 2: connection ready (backend pid 256)
info: postgres: slot 0: connection ready (backend pid 257)
info: postgres: slot 1: connection ready (backend pid 258)
info: postgres: slot 2: connection ready (backend pid 259)
info: postgres: slot 0: connection ready (backend pid 260)
info: postgres: slot 1: connection ready (backend pid 261)
info: postgres: slot 2: connection ready (backend pid 262)
info: postgres: slot 0: connection ready (backend pid 263)
info: postgres: slot 0: connection ready (backend pid 264)
info: postgres: slot 1: connection ready (backend pid 265)
info: postgres: slot 1: connection ready (backend pid 266)
info: postgres: slot 2: connection ready (backend pid 267)
info: postgres: slot 2: connection ready (backend pid 268)
info: postgres: slot 0: connection ready (backend pid 269)
info: postgres: slot 1: connection ready (backend pid 270)
info: postgres: slot 2: connection ready (backend pid 271)
info: postgres: slot 0: connection ready (backend pid 272)
info: postgres: slot 1: connection ready (backend pid 273)
info: postgres: slot 0: connection ready (backend pid 274)
info: postgres: slot 2: connection ready (backend pid 275)
info: postgres: slot 0: connection ready (backend pid 276)
info: postgres: slot 1: connection ready (backend pid 277)
info: postgres: slot 1: connection ready (backend pid 278)
info: postgres: slot 2: connection ready (backend pid 279)
info: postgres: slot 2: connection ready (backend pid 280)
info: postgres: slot 0: connection ready (backend pid 281)
info: postgres: slot 1: connection ready (backend pid 282)
info: postgres: slot 2: connection ready (backend pid 283)
info: postgres: slot 0: connection ready (backend pid 284)
info: postgres: slot 1: connection ready (backend pid 285)
info: postgres: slot 2: connection ready (backend pid 286)
info: postgres: slot 0: connection ready (backend pid 287)
info: postgres: slot 1: connection ready (backend pid 288)
info: postgres: slot 0: connection ready (backend pid 289)
info: postgres: slot 2: connection ready (backend pid 290)
info: postgres: slot 1: connection ready (backend pid 291)
info: postgres: slot 2: connection ready (backend pid 292)
info: postgres: slot 0: connection ready (backend pid 293)
info: postgres: slot 1: connection ready (backend pid 294)
info: postgres: slot 2: connection ready (backend pid 295)
info: postgres: slot 0: connection ready (backend pid 296)
info: postgres: slot 1: connection ready (backend pid 297)
info: postgres: slot 2: connection ready (backend pid 298)
info: postgres: slot 0: connection ready (backend pid 299)
info: postgres: slot 1: connection ready (backend pid 300)
info: postgres: slot 2: connection ready (backend pid 301)
info: postgres: slot 0: connection ready (backend pid 302)
info: postgres: slot 1: connection ready (backend pid 303)
info: postgres: slot 2: connection ready (backend pid 304)
info: postgres: slot 0: connection ready (backend pid 305)
info: postgres: slot 1: connection ready (backend pid 306)
info: postgres: slot 2: connection ready (backend pid 307)
info: postgres: slot 0: connection ready (backend pid 308)
info: postgres: slot 1: connection ready (backend pid 309)
info: postgres: slot 0: connection ready (backend pid 310)
info: postgres: slot 2: connection ready (backend pid 311)
info: postgres: slot 1: connection ready (backend pid 312)
info: postgres: slot 2: connection ready (backend pid 313)
info: postgres: slot 0: connection ready (backend pid 314)
info: postgres: slot 1: connection ready (backend pid 315)
info: postgres: slot 2: connection ready (backend pid 316)
info: postgres: slot 0: connection ready (backend pid 317)
info: postgres: slot 1: connection ready (backend pid 318)
info: postgres: slot 2: connection ready (backend pid 319)
info: postgres: slot 0: connection ready (backend pid 320)
info: postgres: slot 1: connection ready (backend pid 321)
info: postgres: slot 2: connection ready (backend pid 322)
entrypoint: PG pools warm (25 consecutive, after 27 polls)
