entrypoint: postgres enabled (postgres://bench@127.0.0.1:5432/benchmark?sslmode=disable) pool_size_per_worker=3 (nproc=64, max_conn=256)
info: [master] starting 64 workers on :8080
info: [master] forked worker 0 (pid 21)
info: [w0] worker starting
info: [master] forked worker 1 (pid 22)
info: [w1] worker starting
info: [master] forked worker 2 (pid 23)
info: [w2] worker starting
info: [master] forked worker 3 (pid 24)
info: [w3] worker starting
info: [master] forked worker 4 (pid 25)
info: [w4] worker starting
info: [master] forked worker 5 (pid 26)
info: [w5] worker starting
info: [master] forked worker 6 (pid 27)
info: [master] forked worker 7 (pid 28)
info: [w6] worker starting
info: [w7] worker starting
info: [master] forked worker 8 (pid 29)
info: [w8] worker starting
info: [master] forked worker 9 (pid 30)
info: [master] forked worker 10 (pid 31)
info: [w10] worker starting
info: [master] forked worker 11 (pid 32)
info: [w11] worker starting
info: [master] forked worker 12 (pid 33)
info: [w12] worker starting
info: [master] forked worker 13 (pid 34)
info: [w9] worker starting
info: [w13] worker starting
info: [master] forked worker 14 (pid 35)
info: [w14] worker starting
info: [master] forked worker 15 (pid 36)
info: [w15] worker starting
info: [master] forked worker 16 (pid 37)
info: [w16] worker starting
info: [master] forked worker 17 (pid 38)
info: [w17] worker starting
info: [master] forked worker 18 (pid 39)
info: [w18] worker starting
info: [master] forked worker 19 (pid 40)
info: [w19] worker starting
info: [master] forked worker 20 (pid 41)
info: [w20] worker starting
info: [master] forked worker 21 (pid 42)
info: [w21] worker starting
info: [master] forked worker 22 (pid 43)
info: [w22] worker starting
info: [master] forked worker 23 (pid 44)
info: [w23] worker starting
info: [master] forked worker 24 (pid 45)
info: [w24] worker starting
info: [master] forked worker 25 (pid 46)
info: [w25] worker starting
info: [master] forked worker 26 (pid 47)
info: [w26] worker starting
info: [master] forked worker 27 (pid 48)
info: [w27] worker starting
info: [master] forked worker 28 (pid 49)
info: [w28] worker starting
info: [master] forked worker 29 (pid 50)
info: [w29] worker starting
info: [master] forked worker 30 (pid 51)
info: [w30] worker starting
info: [master] forked worker 31 (pid 52)
info: [w31] worker starting
info: [master] forked worker 32 (pid 53)
info: [w32] worker starting
info: [master] forked worker 33 (pid 54)
info: [w33] worker starting
info: [master] forked worker 34 (pid 55)
info: [w34] worker starting
info: postgres: client configured for 127.0.0.1:5432 (pool 3, sslmode=info: postgres: client configured for 127.0.0.1:5432 (pool 3, sslmode=info: postgres: client configured for 127.0.0.1:5432 (pool 3, sslmode=disable)
disable)
disable)
info: [master] forked worker 35 (pid 56)
info: [w35] worker starting
info: postgres: client configured for 127.0.0.1:5432 (pool 3, sslmode=disable)
info: [master] forked worker 36 (pid 57)
info: [w36] worker starting
info: [master] forked worker 37 (pid 58)
info: [w37] worker starting
info: [master] forked worker 38 (pid 60)
info: [w38] worker starting
info: postgres: client configured for 127.0.0.1:5432 (pool 3, sslmode=disable)
info: [master] forked worker 39 (pid 63)
info: postgres: client configured for 127.0.0.1:5432 (pool 3, sslmode=disable)
info: [w39] worker starting
info: postgres: client configured for 127.0.0.1:5432 (pool 3, sslmode=disable)
info: [master] forked worker 40 (pid 65)
info: postgres: client configured for 127.0.0.1:5432 (pool 3, sslmode=disable)
info: [w40] worker starting
info: [master] forked worker 41 (pid 66)
info: [w41] worker starting
info: [master] forked worker 42 (pid 67)
info: [w42] worker starting
info: [master] forked worker 43 (pid 72)
info: [w43] worker starting
info: [master] forked worker 44 (pid 73)
info: [w44] worker starting
info: [master] forked worker 45 (pid 74)
info: [w45] worker starting
info: [master] forked worker 46 (pid 75)
info: [w46] worker starting
info: postgres: client configured for 127.0.0.1:5432 (pool 3, sslmode=disable)
info: postgres: slot 0: connection ready (backend pid 325)
info: postgres: client configured for 127.0.0.1:5432 (pool 3, sslmode=disable)
info: postgres: client configured for 127.0.0.1:5432 (pool 3, sslmode=disable)
info: [master] forked worker 47 (pid 76)
info: [w47] worker starting
info: postgres: client configured for 127.0.0.1:5432 (pool 3, sslmode=disable)
info: postgres: client configured for 127.0.0.1:5432 (pool 3, sslmode=disable)
info: postgres: client configured for 127.0.0.1:5432 (pool 3, sslmode=disable)
info: [master] forked worker 48 (pid 78)
info: [w48] worker starting
info: [master] forked worker 49 (pid 79)
info: [w49] worker starting
info: postgres: slot 0: connection ready (backend pid 327)
info: postgres: client configured for 127.0.0.1:5432 (pool 3, sslmode=disable)
info: postgres: slot 0: connection ready (backend pid 326)
info: [master] forked worker 50 (pid 83)
info: postgres: slot 1: connection ready (backend pid 328)
info: [w50] worker starting
info: postgres: client configured for 127.0.0.1:5432 (pool 3, sslmode=disable)
info: [master] forked worker 51 (pid 87)
info: postgres: slot 1: connection ready (backend pid 329)
info: [w51] worker starting
info: postgres: client configured for 127.0.0.1:5432 (pool 3, sslmode=disable)
info: postgres: client configured for 127.0.0.1:5432 (pool 3, sslmode=disable)
info: [master] forked worker 52 (pid 88)
info: [w52] worker starting
info: postgres: client configured for 127.0.0.1:5432 (pool 3, sslmode=disable)
info: postgres: client configured for 127.0.0.1:5432 (pool 3, sslmode=disable)
info: [master] forked worker 53 (pid 90)
info: postgres: slot 2: connection ready (backend pid 330)
info: [w53] worker starting
info: [master] forked worker 54 (pid 92)
info: [w54] worker starting
info: postgres: slot 1: connection ready (backend pid 331)
info: postgres: client configured for 127.0.0.1:5432 (pool 3, sslmode=disable)
info: [master] forked worker 55 (pid 95)
info: postgres: slot 2: connection ready (backend pid 332)
info: [w55] worker starting
info: postgres: slot 2: connection ready (backend pid 333)
info: postgres: client configured for 127.0.0.1:5432 (pool 3, sslmode=disable)
info: [master] forked worker 56 (pid 98)
info: [w56] worker starting
info: [master] forked worker 57 (pid 99)
info: postgres: client configured for 127.0.0.1:5432 (pool 3, sslmode=disable)
info: [w57] worker starting
info: [master] forked worker 58 (pid 101)
info: [w58] worker starting
info: [master] forked worker 59 (pid 102)
info: [w59] worker starting
info: postgres: client configured for 127.0.0.1:5432 (pool 3, sslmode=disable)
info: [master] forked worker 60 (pid 104)
info: [w60] worker starting
info: [master] forked worker 61 (pid 105)
info: [w61] worker starting
info: postgres: client configured for 127.0.0.1:5432 (pool 3, sslmode=disable)
info: postgres: client configured for 127.0.0.1:5432 (pool 3, sslmode=disable)
info: postgres: slot 0: connection ready (backend pid 334)
info: postgres: slot 2: connection ready (backend pid 336)
info: postgres: slot 0: connection ready (backend pid 337)
info: postgres: client configured for 127.0.0.1:5432 (pool 3, sslmode=disable)
info: postgres: client configured for 127.0.0.1:5432 (pool 3, sslmode=disable)
info: [master] forked worker 62 (pid 108)
info: [w62] worker starting
info: postgres: slot 1: connection ready (backend pid 335)
info: postgres: client configured for 127.0.0.1:5432 (pool 3, sslmode=disable)
info: postgres: slot 1: connection ready (backend pid 339)
info: postgres: client configured for 127.0.0.1:5432 (pool 3, sslmode=disable)
info: [master] forked worker 63 (pid 111)
info: [w63] worker starting
info: postgres: client configured for 127.0.0.1:5432 (pool 3, sslmode=disable)
info: postgres: slot 0: connection ready (backend pid 338)
info: postgres: client configured for 127.0.0.1:5432 (pool 3, sslmode=disable)
info: postgres: client configured for 127.0.0.1:5432 (pool 3, sslmode=disable)
info: postgres: client configured for 127.0.0.1:5432 (pool 3, sslmode=disable)
info: postgres: client configured for 127.0.0.1:5432 (pool 3, sslmode=disable)
info: postgres: client configured for 127.0.0.1:5432 (pool 3, sslmode=disable)
info: postgres: slot 1: connection ready (backend pid 340)
info: postgres: slot 0: connection ready (backend pid 341)
info: postgres: slot 2: connection ready (backend pid 342)
info: postgres: slot 2: connection ready (backend pid 343)
info: postgres: slot 1: connection ready (backend pid 344)
info: postgres: slot 2: connection ready (backend pid 345)
info: postgres: client configured for 127.0.0.1:5432 (pool 3, sslmode=disable)
info: postgres: client configured for 127.0.0.1:5432 (pool 3, sslmode=disable)
info: postgres: client configured for 127.0.0.1:5432 (pool 3, sslmode=disable)
info: postgres: client configured for 127.0.0.1:5432 (pool 3, sslmode=disable)
info: postgres: client configured for 127.0.0.1:5432 (pool 3, sslmode=disable)
info: postgres: slot 0: connection ready (backend pid 346)
info: postgres: slot 1: connection ready (backend pid 347)
info: postgres: client configured for 127.0.0.1:5432 (pool 3, sslmode=disable)
info: postgres: client configured for 127.0.0.1:5432 (pool 3, sslmode=disable)
info: postgres: client configured for 127.0.0.1:5432 (pool 3, sslmode=disable)
info: postgres: client configured for 127.0.0.1:5432 (pool 3, sslmode=disable)
info: postgres: client configured for 127.0.0.1:5432 (pool 3, sslmode=disable)
info: postgres: client configured for 127.0.0.1:5432 (pool 3, sslmode=disable)
info: postgres: slot 2: connection ready (backend pid 348)
info: postgres: client configured for 127.0.0.1:5432 (pool 3, sslmode=disable)
info: postgres: client configured for 127.0.0.1:5432 (pool 3, sslmode=disable)
info: postgres: client configured for 127.0.0.1:5432 (pool 3, sslmode=disable)
info: postgres: client configured for 127.0.0.1:5432 (pool 3, sslmode=disable)
info: postgres: client configured for 127.0.0.1:5432 (pool 3, sslmode=disable)
info: postgres: slot 0: connection ready (backend pid 349)
info: postgres: client configured for 127.0.0.1:5432 (pool 3, sslmode=disable)
info: postgres: client configured for 127.0.0.1:5432 (pool 3, sslmode=disable)
info: postgres: client configured for 127.0.0.1:5432 (pool 3, sslmode=disable)
info: postgres: client configured for 127.0.0.1:5432 (pool 3, sslmode=disable)
info: postgres: slot 1: connection ready (backend pid 350)
info: postgres: client configured for 127.0.0.1:5432 (pool 3, sslmode=disable)
info: postgres: client configured for 127.0.0.1:5432 (pool 3, sslmode=disable)
info: postgres: client configured for 127.0.0.1:5432 (pool 3, sslmode=disable)
info: postgres: client configured for 127.0.0.1:5432 (pool 3, sslmode=disable)
info: postgres: slot 1: connection ready (backend pid 354)
info: postgres: slot 0: connection ready (backend pid 352)
info: postgres: client configured for 127.0.0.1:5432 (pool 3, sslmode=disable)
info: postgres: slot 0: connection ready (backend pid 353)
info: postgres: client configured for 127.0.0.1:5432 (pool 3, sslmode=disable)
info: postgres: slot 2: connection ready (backend pid 351)
info: postgres: client configured for 127.0.0.1:5432 (pool 3, sslmode=disable)
info: postgres: client configured for 127.0.0.1:5432 (pool 3, sslmode=disable)
info: postgres: slot 1: connection ready (backend pid 356)
info: postgres: slot 2: connection ready (backend pid 357)
info: postgres: slot 2: connection ready (backend pid 355)
info: postgres: slot 0: connection ready (backend pid 359)
info: postgres: slot 0: connection ready (backend pid 358)
info: postgres: slot 1: connection ready (backend pid 360)
info: postgres: slot 1: connection ready (backend pid 361)
info: postgres: slot 2: connection ready (backend pid 362)
info: postgres: slot 2: connection ready (backend pid 363)
info: postgres: slot 0: connection ready (backend pid 364)
info: postgres: slot 1: connection ready (backend pid 365)
info: postgres: slot 2: connection ready (backend pid 366)
info: postgres: slot 0: connection ready (backend pid 367)
info: postgres: slot 1: connection ready (backend pid 368)
info: postgres: slot 2: connection ready (backend pid 369)
info: postgres: slot 0: connection ready (backend pid 370)
info: postgres: slot 1: connection ready (backend pid 371)
info: postgres: slot 2: connection ready (backend pid 372)
info: postgres: slot 0: connection ready (backend pid 373)
info: postgres: slot 0: connection ready (backend pid 374)
info: postgres: slot 1: connection ready (backend pid 375)
info: postgres: slot 1: connection ready (backend pid 376)
info: postgres: slot 2: connection ready (backend pid 377)
info: postgres: slot 2: connection ready (backend pid 378)
info: postgres: slot 0: connection ready (backend pid 379)
info: postgres: slot 0: connection ready (backend pid 380)
info: postgres: slot 1: connection ready (backend pid 381)
info: postgres: slot 1: connection ready (backend pid 382)
info: postgres: slot 2: connection ready (backend pid 383)
info: postgres: slot 2: connection ready (backend pid 384)
info: postgres: slot 0: connection ready (backend pid 385)
info: postgres: slot 1: connection ready (backend pid 386)
info: postgres: slot 2: connection ready (backend pid 387)
info: postgres: slot 0: connection ready (backend pid 388)
info: postgres: slot 1: connection ready (backend pid 389)
info: postgres: slot 2: connection ready (backend pid 390)
info: postgres: slot 0: connection ready (backend pid 391)
info: postgres: slot 1: connection ready (backend pid 392)
info: postgres: slot 2: connection ready (backend pid 393)
info: postgres: slot 0: connection ready (backend pid 394)
info: postgres: slot 1: connection ready (backend pid 395)
info: postgres: slot 2: connection ready (backend pid 396)
info: postgres: slot 0: connection ready (backend pid 397)
info: postgres: slot 1: connection ready (backend pid 398)
info: postgres: slot 2: connection ready (backend pid 399)
info: postgres: slot 0: connection ready (backend pid 400)
info: postgres: slot 1: connection ready (backend pid 401)
info: postgres: slot 2: connection ready (backend pid 402)
info: postgres: slot 0: connection ready (backend pid 403)
info: postgres: slot 1: connection ready (backend pid 404)
info: postgres: slot 2: connection ready (backend pid 405)
info: postgres: slot 0: connection ready (backend pid 406)
info: postgres: slot 1: connection ready (backend pid 407)
info: postgres: slot 2: connection ready (backend pid 408)
info: postgres: slot 0: connection ready (backend pid 409)
info: postgres: slot 1: connection ready (backend pid 410)
info: postgres: slot 2: connection ready (backend pid 411)
info: postgres: slot 0: connection ready (backend pid 412)
info: postgres: slot 1: connection ready (backend pid 413)
info: postgres: slot 2: connection ready (backend pid 414)
info: postgres: slot 0: connection ready (backend pid 415)
info: postgres: slot 1: connection ready (backend pid 416)
info: postgres: slot 2: connection ready (backend pid 417)
info: postgres: slot 0: connection ready (backend pid 418)
info: postgres: slot 0: connection ready (backend pid 419)
info: postgres: slot 1: connection ready (backend pid 420)
info: postgres: slot 1: connection ready (backend pid 421)
info: postgres: slot 2: connection ready (backend pid 422)
info: postgres: slot 0: connection ready (backend pid 423)
info: postgres: slot 2: connection ready (backend pid 424)
info: postgres: slot 1: connection ready (backend pid 425)
info: postgres: slot 2: connection ready (backend pid 426)
info: postgres: slot 0: connection ready (backend pid 427)
info: postgres: slot 1: connection ready (backend pid 428)
info: postgres: slot 2: connection ready (backend pid 429)
info: postgres: slot 0: connection ready (backend pid 430)
info: postgres: slot 1: connection ready (backend pid 431)
info: postgres: slot 2: connection ready (backend pid 432)
info: postgres: slot 0: connection ready (backend pid 433)
info: postgres: slot 1: connection ready (backend pid 434)
info: postgres: slot 2: connection ready (backend pid 435)
info: postgres: slot 0: connection ready (backend pid 436)
info: postgres: slot 1: connection ready (backend pid 437)
info: postgres: slot 2: connection ready (backend pid 438)
info: postgres: slot 0: connection ready (backend pid 439)
info: postgres: slot 1: connection ready (backend pid 440)
info: postgres: slot 2: connection ready (backend pid 441)
info: postgres: slot 0: connection ready (backend pid 442)
info: postgres: slot 1: connection ready (backend pid 443)
info: postgres: slot 2: connection ready (backend pid 444)
info: postgres: slot 0: connection ready (backend pid 445)
info: postgres: slot 1: connection ready (backend pid 446)
info: postgres: slot 2: connection ready (backend pid 447)
info: postgres: slot 0: connection ready (backend pid 448)
info: postgres: slot 1: connection ready (backend pid 449)
info: postgres: slot 2: connection ready (backend pid 450)
info: postgres: slot 0: connection ready (backend pid 451)
info: postgres: slot 1: connection ready (backend pid 452)
info: postgres: slot 0: connection ready (backend pid 453)
info: postgres: slot 0: connection ready (backend pid 454)
info: postgres: slot 2: connection ready (backend pid 455)
info: postgres: slot 1: connection ready (backend pid 456)
info: postgres: slot 1: connection ready (backend pid 457)
info: postgres: slot 0: connection ready (backend pid 458)
info: postgres: slot 2: connection ready (backend pid 459)
info: postgres: slot 2: connection ready (backend pid 460)
info: postgres: slot 1: connection ready (backend pid 461)
info: postgres: slot 2: connection ready (backend pid 462)
info: postgres: slot 0: connection ready (backend pid 463)
info: postgres: slot 1: connection ready (backend pid 464)
info: postgres: slot 2: connection ready (backend pid 465)
info: postgres: slot 0: connection ready (backend pid 466)
info: postgres: slot 0: connection ready (backend pid 467)
info: postgres: slot 0: connection ready (backend pid 468)
info: postgres: slot 1: connection ready (backend pid 469)
info: postgres: slot 1: connection ready (backend pid 470)
info: postgres: slot 1: connection ready (backend pid 471)
info: postgres: slot 2: connection ready (backend pid 472)
info: postgres: slot 2: connection ready (backend pid 473)
info: postgres: slot 0: connection ready (backend pid 474)
info: postgres: slot 2: connection ready (backend pid 475)
info: postgres: slot 1: connection ready (backend pid 476)
info: postgres: slot 2: connection ready (backend pid 477)
info: postgres: slot 0: connection ready (backend pid 478)
info: postgres: slot 2: connection ready (backend pid 480)
info: postgres: slot 0: connection ready (backend pid 481)
info: postgres: slot 1: connection ready (backend pid 479)
info: postgres: slot 1: connection ready (backend pid 482)
info: postgres: slot 0: connection ready (backend pid 483)
info: postgres: slot 2: connection ready (backend pid 484)
info: postgres: slot 1: connection ready (backend pid 485)
info: postgres: slot 2: connection ready (backend pid 486)
info: postgres: slot 0: connection ready (backend pid 487)
info: postgres: slot 1: connection ready (backend pid 488)
info: postgres: slot 2: connection ready (backend pid 489)
info: postgres: slot 0: connection ready (backend pid 490)
info: postgres: slot 1: connection ready (backend pid 491)
info: postgres: slot 2: connection ready (backend pid 492)
info: postgres: slot 0: connection ready (backend pid 493)
info: postgres: slot 1: connection ready (backend pid 494)
info: postgres: slot 2: connection ready (backend pid 495)
info: postgres: slot 0: connection ready (backend pid 496)
info: postgres: slot 1: connection ready (backend pid 497)
info: postgres: slot 2: connection ready (backend pid 498)
info: postgres: slot 0: connection ready (backend pid 499)
info: postgres: slot 0: connection ready (backend pid 500)
info: postgres: slot 1: connection ready (backend pid 501)
info: postgres: slot 1: connection ready (backend pid 502)
info: postgres: slot 2: connection ready (backend pid 503)
info: postgres: slot 2: connection ready (backend pid 504)
info: postgres: slot 0: connection ready (backend pid 505)
info: postgres: slot 1: connection ready (backend pid 506)
info: postgres: slot 2: connection ready (backend pid 507)
info: postgres: slot 0: connection ready (backend pid 508)
info: postgres: slot 1: connection ready (backend pid 509)
info: postgres: slot 2: connection ready (backend pid 510)
info: postgres: slot 0: connection ready (backend pid 511)
info: postgres: slot 1: connection ready (backend pid 512)
info: postgres: slot 2: connection ready (backend pid 513)
info: postgres: slot 0: connection ready (backend pid 514)
info: postgres: slot 2: connection ready (backend pid 516)
info: postgres: slot 1: connection ready (backend pid 515)
entrypoint: PG pools warm (25 consecutive, after 26 polls)
